000 (5424853.000.000) 2026-06-24 14:01:56 Job submitted from host: <128.105.68.113:9618?addrs=128.105.68.113-9618+[2607-f388-2200-100-eaeb-d3ff-fea7-d05e]-9618&alias=ap2002.chtc.wisc.edu&noUDP&sock=schedd_7841_da2f>
...
000 (5424853.001.000) 2026-06-24 14:01:56 Job submitted from host: <128.105.68.113:9618?addrs=128.105.68.113-9618+[2607-f388-2200-100-eaeb-d3ff-fea7-d05e]-9618&alias=ap2002.chtc.wisc.edu&noUDP&sock=schedd_7841_da2f>
...
000 (5424853.002.000) 2026-06-24 14:01:56 Job submitted from host: <128.105.68.113:9618?addrs=128.105.68.113-9618+[2607-f388-2200-100-eaeb-d3ff-fea7-d05e]-9618&alias=ap2002.chtc.wisc.edu&noUDP&sock=schedd_7841_da2f>
...
000 (5424853.003.000) 2026-06-24 14:01:56 Job submitted from host: <128.105.68.113:9618?addrs=128.105.68.113-9618+[2607-f388-2200-100-eaeb-d3ff-fea7-d05e]-9618&alias=ap2002.chtc.wisc.edu&noUDP&sock=schedd_7841_da2f>
...
000 (5424853.004.000) 2026-06-24 14:01:56 Job submitted from host: <128.105.68.113:9618?addrs=128.105.68.113-9618+[2607-f388-2200-100-eaeb-d3ff-fea7-d05e]-9618&alias=ap2002.chtc.wisc.edu&noUDP&sock=schedd_7841_da2f>
...
000 (5424853.005.000) 2026-06-24 14:01:56 Job submitted from host: <128.105.68.113:9618?addrs=128.105.68.113-9618+[2607-f388-2200-100-eaeb-d3ff-fea7-d05e]-9618&alias=ap2002.chtc.wisc.edu&noUDP&sock=schedd_7841_da2f>
...
000 (5424853.006.000) 2026-06-24 14:01:56 Job submitted from host: <128.105.68.113:9618?addrs=128.105.68.113-9618+[2607-f388-2200-100-eaeb-d3ff-fea7-d05e]-9618&alias=ap2002.chtc.wisc.edu&noUDP&sock=schedd_7841_da2f>
...
000 (5424853.007.000) 2026-06-24 14:01:56 Job submitted from host: <128.105.68.113:9618?addrs=128.105.68.113-9618+[2607-f388-2200-100-eaeb-d3ff-fea7-d05e]-9618&alias=ap2002.chtc.wisc.edu&noUDP&sock=schedd_7841_da2f>
...
000 (5424853.008.000) 2026-06-24 14:01:56 Job submitted from host: <128.105.68.113:9618?addrs=128.105.68.113-9618+[2607-f388-2200-100-eaeb-d3ff-fea7-d05e]-9618&alias=ap2002.chtc.wisc.edu&noUDP&sock=schedd_7841_da2f>
...
000 (5424853.009.000) 2026-06-24 14:01:56 Job submitted from host: <128.105.68.113:9618?addrs=128.105.68.113-9618+[2607-f388-2200-100-eaeb-d3ff-fea7-d05e]-9618&alias=ap2002.chtc.wisc.edu&noUDP&sock=schedd_7841_da2f>
...
040 (5424853.001.000) 2026-06-24 14:02:12 Started transferring input files
	Transferring to host: <128.105.68.156:9618?addrs=128.105.68.156-9618+[2607-f388-2200-100-b226-28ff-fe50-3c4c]-9618&alias=e2015.chtc.wisc.edu&noUDP&sock=slot1_30_3283325_3c64_108400>
...
040 (5424853.000.000) 2026-06-24 14:02:12 Started transferring input files
	Transferring to host: <128.105.69.196:9618?addrs=128.105.69.196-9618+[2607-f388-2200-100-1270-fdff-fe56-bf74]-9618&alias=e4049.chtc.wisc.edu&noUDP&sock=slot1_76_1308022_93ff_207662>
...
040 (5424853.001.000) 2026-06-24 14:02:12 Finished transferring input files
...
040 (5424853.000.000) 2026-06-24 14:02:12 Finished transferring input files
...
001 (5424853.001.000) 2026-06-24 14:02:12 Job executing on host: <128.105.68.156:9618?addrs=128.105.68.156-9618+[2607-f388-2200-100-b226-28ff-fe50-3c4c]-9618&alias=e2015.chtc.wisc.edu&noUDP&sock=startd_12396_3413>
	SlotName: slot1_30@e2015.chtc.wisc.edu
	CondorScratchDir = "/var/lib/condor/execute/slot1/dir_3271436/scratch"
	Cpus = 1
	Disk = 102400
	GPUs = 0
	IoHeavy = 0
	Memory = 512
...
001 (5424853.000.000) 2026-06-24 14:02:12 Job executing on host: <128.105.69.196:9618?addrs=128.105.69.196-9618+[2607-f388-2200-100-1270-fdff-fe56-bf74]-9618&alias=e4049.chtc.wisc.edu&noUDP&sock=startd_12047_d185>
	SlotName: slot1_76@e4049.chtc.wisc.edu
	CondorScratchDir = "/var/lib/condor/execute/slot1/dir_2014399/scratch"
	Cpus = 1
	Disk = 102400
	GPUs = 0
	IoHeavy = 0
	Memory = 512
...
006 (5424853.000.000) 2026-06-24 14:02:12 Image size of job updated: 1500
	0  -  MemoryUsage of job (MB)
	0  -  ResidentSetSize of job (KB)
...
040 (5424853.000.000) 2026-06-24 14:02:12 Started transferring output files
...
040 (5424853.000.000) 2026-06-24 14:02:12 Finished transferring output files
...
006 (5424853.001.000) 2026-06-24 14:02:12 Image size of job updated: 1500
	0  -  MemoryUsage of job (MB)
	0  -  ResidentSetSize of job (KB)
...
040 (5424853.001.000) 2026-06-24 14:02:12 Started transferring output files
...
040 (5424853.001.000) 2026-06-24 14:02:12 Finished transferring output files
...
005 (5424853.000.000) 2026-06-24 14:02:12 Job terminated.
	(1) Normal termination (return value 0)
		Usr 0 00:00:00, Sys 0 00:00:00  -  Run Remote Usage
		Usr 0 00:00:00, Sys 0 00:00:00  -  Run Local Usage
		Usr 0 00:00:00, Sys 0 00:00:00  -  Total Remote Usage
		Usr 0 00:00:00, Sys 0 00:00:00  -  Total Local Usage
	193  -  Run Bytes Sent By Job
	2018  -  Run Bytes Received By Job
	193  -  Total Bytes Sent By Job
	2018  -  Total Bytes Received By Job
	Partitionable Resources :    Usage  Request Allocated 
	   Cpus                 :                 1         1 
	   Disk (KB)            :       33   102400    102400 
	   GPUs                 :                           0 
	   IoHeavy              :                           0 
	   Memory (MB)          :        0      512       512 
	   TimeExecute (s)      :        0                    
	   TimeSlotBusy (s)     :        0                    
...
040 (5424853.002.000) 2026-06-24 14:02:12 Started transferring input files
	Transferring to host: <128.105.68.55:9618?addrs=128.105.68.55-9618+[2607-f388-2200-100-3680-dff-fe2e-8678]-9618&alias=e2485.chtc.wisc.edu&noUDP&sock=slot1_6_313141_e997_149962>
...
005 (5424853.001.000) 2026-06-24 14:02:12 Job terminated.
	(1) Normal termination (return value 0)
		Usr 0 00:00:00, Sys 0 00:00:00  -  Run Remote Usage
		Usr 0 00:00:00, Sys 0 00:00:00  -  Run Local Usage
		Usr 0 00:00:00, Sys 0 00:00:00  -  Total Remote Usage
		Usr 0 00:00:00, Sys 0 00:00:00  -  Total Local Usage
	193  -  Run Bytes Sent By Job
	2018  -  Run Bytes Received By Job
	193  -  Total Bytes Sent By Job
	2018  -  Total Bytes Received By Job
	Partitionable Resources :    Usage  Request Allocated 
	   Cpus                 :                 1         1 
	   Disk (KB)            :       33   102400    102400 
	   GPUs                 :                           0 
	   IoHeavy              :                           0 
	   Memory (MB)          :        0      512       512 
	   TimeExecute (s)      :        0                    
	   TimeSlotBusy (s)     :        0                    
...
040 (5424853.002.000) 2026-06-24 14:02:12 Finished transferring input files
...
001 (5424853.002.000) 2026-06-24 14:02:12 Job executing on host: <128.105.68.55:9618?addrs=128.105.68.55-9618+[2607-f388-2200-100-3680-dff-fe2e-8678]-9618&alias=e2485.chtc.wisc.edu&noUDP&sock=startd_12265_592b>
	SlotName: slot1_6@e2485.chtc.wisc.edu
	CondorScratchDir = "/var/lib/condor/execute/slot1/dir_974168/scratch"
	Cpus = 1
	Disk = 102400
	GPUs = 0
	IoHeavy = 0
	Memory = 512
...
040 (5424853.009.000) 2026-06-24 14:02:13 Started transferring input files
	Transferring to host: <128.105.68.36:9618?addrs=128.105.68.36-9618+[2607-f388-2200-100-3680-dff-fe2e-7f70]-9618&alias=e2466.chtc.wisc.edu&noUDP&sock=slot1_69_2069226_a869_150202>
...
006 (5424853.002.000) 2026-06-24 14:02:13 Image size of job updated: 1500
	0  -  MemoryUsage of job (MB)
	0  -  ResidentSetSize of job (KB)
...
040 (5424853.009.000) 2026-06-24 14:02:13 Finished transferring input files
...
040 (5424853.002.000) 2026-06-24 14:02:13 Started transferring output files
...
001 (5424853.009.000) 2026-06-24 14:02:13 Job executing on host: <128.105.68.36:9618?addrs=128.105.68.36-9618+[2607-f388-2200-100-3680-dff-fe2e-7f70]-9618&alias=e2466.chtc.wisc.edu&noUDP&sock=startd_12169_8013>
	SlotName: slot1_69@e2466.chtc.wisc.edu
	CondorScratchDir = "/var/lib/condor/execute/slot1/dir_2929113/scratch"
	Cpus = 1
	Disk = 102400
	GPUs = 0
	IoHeavy = 0
	Memory = 512
...
040 (5424853.003.000) 2026-06-24 14:02:13 Started transferring input files
	Transferring to host: <128.105.68.52:9618?addrs=128.105.68.52-9618+[2607-f388-2200-100-3680-dff-fe2e-8720]-9618&alias=e2482.chtc.wisc.edu&noUDP&sock=slot1_57_1923355_579e_151898>
...
040 (5424853.002.000) 2026-06-24 14:02:13 Finished transferring output files
...
006 (5424853.009.000) 2026-06-24 14:02:13 Image size of job updated: 1500
	0  -  MemoryUsage of job (MB)
	0  -  ResidentSetSize of job (KB)
...
040 (5424853.003.000) 2026-06-24 14:02:13 Finished transferring input files
...
040 (5424853.009.000) 2026-06-24 14:02:13 Started transferring output files
...
040 (5424853.004.000) 2026-06-24 14:02:13 Started transferring input files
	Transferring to host: <128.105.69.142:9618?addrs=128.105.69.142-9618+[2607-f388-2200-100-1270-fdff-fe56-747c]-9618&alias=e4019.chtc.wisc.edu&noUDP&sock=slot1_30_118948_605e_190526>
...
001 (5424853.003.000) 2026-06-24 14:02:13 Job executing on host: <128.105.68.52:9618?addrs=128.105.68.52-9618+[2607-f388-2200-100-3680-dff-fe2e-8720]-9618&alias=e2482.chtc.wisc.edu&noUDP&sock=startd_12198_6452>
	SlotName: slot1_57@e2482.chtc.wisc.edu
	CondorScratchDir = "/var/lib/condor/execute/slot1/dir_3715478/scratch"
	Cpus = 1
	Disk = 102400
	GPUs = 0
	IoHeavy = 0
	Memory = 512
...
040 (5424853.004.000) 2026-06-24 14:02:13 Finished transferring input files
...
006 (5424853.003.000) 2026-06-24 14:02:13 Image size of job updated: 1500
	0  -  MemoryUsage of job (MB)
	0  -  ResidentSetSize of job (KB)
...
005 (5424853.002.000) 2026-06-24 14:02:13 Job terminated.
	(1) Normal termination (return value 0)
		Usr 0 00:00:00, Sys 0 00:00:00  -  Run Remote Usage
		Usr 0 00:00:00, Sys 0 00:00:00  -  Run Local Usage
		Usr 0 00:00:00, Sys 0 00:00:00  -  Total Remote Usage
		Usr 0 00:00:00, Sys 0 00:00:00  -  Total Local Usage
	193  -  Run Bytes Sent By Job
	2018  -  Run Bytes Received By Job
	193  -  Total Bytes Sent By Job
	2018  -  Total Bytes Received By Job
	Partitionable Resources :    Usage  Request Allocated 
	   Cpus                 :        0        1         1 
	   Disk (KB)            :       31   102400    102400 
	   GPUs                 :                           0 
	   IoHeavy              :                           0 
	   Memory (MB)          :        0      512       512 
	   TimeExecute (s)      :        1                    
	   TimeSlotBusy (s)     :        1                    
...
040 (5424853.009.000) 2026-06-24 14:02:13 Finished transferring output files
...
040 (5424853.003.000) 2026-06-24 14:02:13 Started transferring output files
...
040 (5424853.008.000) 2026-06-24 14:02:13 Started transferring input files
	Transferring to host: <128.105.69.126:9618?addrs=128.105.69.126-9618+[2607-f388-2200-100-1270-fdff-fe56-ca5c]-9618&alias=e4075.chtc.wisc.edu&noUDP&sock=slot1_75_1288759_0d50_180516>
...
040 (5424853.006.000) 2026-06-24 14:02:13 Started transferring input files
	Transferring to host: <128.105.69.138:9618?addrs=128.105.69.138-9618+[2607-f388-2200-100-1270-fdff-fe56-ca54]-9618&alias=e4015.chtc.wisc.edu&noUDP&sock=slot1_50_722751_3668_176741>
...
040 (5424853.005.000) 2026-06-24 14:02:14 Started transferring input files
	Transferring to host: <128.105.69.101:9618?addrs=128.105.69.101-9618+[2607-f388-2200-100-1270-fdff-fe56-bae4]-9618&alias=e4012.chtc.wisc.edu&noUDP&sock=slot1_180_2040279_e0b0_195004>
...
040 (5424853.007.000) 2026-06-24 14:02:14 Started transferring input files
	Transferring to host: <128.105.69.202:9618?addrs=128.105.69.202-9618+[2607-f388-2200-100-1270-fdff-fe56-c3c4]-9618&alias=e4033.chtc.wisc.edu&noUDP&sock=slot1_91_1175583_5256_181701>
...
040 (5424853.008.000) 2026-06-24 14:02:14 Finished transferring input files
...
001 (5424853.004.000) 2026-06-24 14:02:14 Job executing on host: <128.105.69.142:9618?addrs=128.105.69.142-9618+[2607-f388-2200-100-1270-fdff-fe56-747c]-9618&alias=e4019.chtc.wisc.edu&noUDP&sock=startd_14713_7902>
	SlotName: slot1_30@e4019.chtc.wisc.edu
	CondorScratchDir = "/var/lib/condor/execute/slot1/dir_2007912/scratch"
	Cpus = 1
	Disk = 102400
	GPUs = 0
	IoHeavy = 0
	Memory = 512
...
040 (5424853.006.000) 2026-06-24 14:02:14 Finished transferring input files
...
040 (5424853.005.000) 2026-06-24 14:02:14 Finished transferring input files
...
006 (5424853.004.000) 2026-06-24 14:02:14 Image size of job updated: 1500
	0  -  MemoryUsage of job (MB)
	0  -  ResidentSetSize of job (KB)
...
040 (5424853.007.000) 2026-06-24 14:02:14 Finished transferring input files
...
005 (5424853.009.000) 2026-06-24 14:02:14 Job terminated.
	(1) Normal termination (return value 0)
		Usr 0 00:00:00, Sys 0 00:00:00  -  Run Remote Usage
		Usr 0 00:00:00, Sys 0 00:00:00  -  Run Local Usage
		Usr 0 00:00:00, Sys 0 00:00:00  -  Total Remote Usage
		Usr 0 00:00:00, Sys 0 00:00:00  -  Total Local Usage
	190  -  Run Bytes Sent By Job
	2018  -  Run Bytes Received By Job
	190  -  Total Bytes Sent By Job
	2018  -  Total Bytes Received By Job
	Partitionable Resources :    Usage  Request Allocated 
	   Cpus                 :        0        1         1 
	   Disk (KB)            :       31   102400    102400 
	   GPUs                 :                           0 
	   IoHeavy              :                           0 
	   Memory (MB)          :        0      512       512 
	   TimeExecute (s)      :        0                    
	   TimeSlotBusy (s)     :        1                    
...
040 (5424853.004.000) 2026-06-24 14:02:14 Started transferring output files
...
001 (5424853.008.000) 2026-06-24 14:02:14 Job executing on host: <128.105.69.126:9618?addrs=128.105.69.126-9618+[2607-f388-2200-100-1270-fdff-fe56-ca5c]-9618&alias=e4075.chtc.wisc.edu&noUDP&sock=startd_14685_445c>
	SlotName: slot1_75@e4075.chtc.wisc.edu
	CondorScratchDir = "/var/lib/condor/execute/slot1/dir_1472385/scratch"
	Cpus = 1
	Disk = 102400
	GPUs = 0
	IoHeavy = 0
	Memory = 512
...
001 (5424853.006.000) 2026-06-24 14:02:14 Job executing on host: <128.105.69.138:9618?addrs=128.105.69.138-9618+[2607-f388-2200-100-1270-fdff-fe56-ca54]-9618&alias=e4015.chtc.wisc.edu&noUDP&sock=startd_14968_61a9>
	SlotName: slot1_50@e4015.chtc.wisc.edu
	CondorScratchDir = "/var/lib/condor/execute/slot1/dir_2023432/scratch"
	Cpus = 1
	Disk = 102400
	GPUs = 0
	IoHeavy = 0
	Memory = 512
...
040 (5424853.003.000) 2026-06-24 14:02:14 Finished transferring output files
...
001 (5424853.005.000) 2026-06-24 14:02:14 Job executing on host: <128.105.69.101:9618?addrs=128.105.69.101-9618+[2607-f388-2200-100-1270-fdff-fe56-bae4]-9618&alias=e4012.chtc.wisc.edu&noUDP&sock=startd_14789_9a35>
	SlotName: slot1_180@e4012.chtc.wisc.edu
	CondorScratchDir = "/var/lib/condor/execute/slot1/dir_354742/scratch"
	Cpus = 1
	Disk = 102400
	GPUs = 0
	IoHeavy = 0
	Memory = 512
...
006 (5424853.006.000) 2026-06-24 14:02:14 Image size of job updated: 1500
	0  -  MemoryUsage of job (MB)
	0  -  ResidentSetSize of job (KB)
...
006 (5424853.008.000) 2026-06-24 14:02:14 Image size of job updated: 1500
	0  -  MemoryUsage of job (MB)
	0  -  ResidentSetSize of job (KB)
...
001 (5424853.007.000) 2026-06-24 14:02:14 Job executing on host: <128.105.69.202:9618?addrs=128.105.69.202-9618+[2607-f388-2200-100-1270-fdff-fe56-c3c4]-9618&alias=e4033.chtc.wisc.edu&noUDP&sock=startd_14710_6a3a>
	SlotName: slot1_91@e4033.chtc.wisc.edu
	CondorScratchDir = "/var/lib/condor/execute/slot1/dir_2696303/scratch"
	Cpus = 1
	Disk = 102400
	GPUs = 0
	IoHeavy = 0
	Memory = 512
...
006 (5424853.005.000) 2026-06-24 14:02:14 Image size of job updated: 1500
	0  -  MemoryUsage of job (MB)
	0  -  ResidentSetSize of job (KB)
...
040 (5424853.008.000) 2026-06-24 14:02:14 Started transferring output files
...
040 (5424853.006.000) 2026-06-24 14:02:14 Started transferring output files
...
006 (5424853.007.000) 2026-06-24 14:02:14 Image size of job updated: 1500
	0  -  MemoryUsage of job (MB)
	0  -  ResidentSetSize of job (KB)
...
005 (5424853.003.000) 2026-06-24 14:02:14 Job terminated.
	(1) Normal termination (return value 0)
		Usr 0 00:00:00, Sys 0 00:00:00  -  Run Remote Usage
		Usr 0 00:00:00, Sys 0 00:00:00  -  Run Local Usage
		Usr 0 00:00:00, Sys 0 00:00:00  -  Total Remote Usage
		Usr 0 00:00:00, Sys 0 00:00:00  -  Total Local Usage
	193  -  Run Bytes Sent By Job
	2018  -  Run Bytes Received By Job
	193  -  Total Bytes Sent By Job
	2018  -  Total Bytes Received By Job
	Partitionable Resources :    Usage  Request Allocated 
	   Cpus                 :        0        1         1 
	   Disk (KB)            :       31   102400    102400 
	   GPUs                 :                           0 
	   IoHeavy              :                           0 
	   Memory (MB)          :        0      512       512 
	   TimeExecute (s)      :        0                    
	   TimeSlotBusy (s)     :        2                    
...
040 (5424853.004.000) 2026-06-24 14:02:14 Finished transferring output files
...
040 (5424853.005.000) 2026-06-24 14:02:14 Started transferring output files
...
040 (5424853.007.000) 2026-06-24 14:02:15 Started transferring output files
...
040 (5424853.008.000) 2026-06-24 14:02:15 Finished transferring output files
...
040 (5424853.006.000) 2026-06-24 14:02:15 Finished transferring output files
...
040 (5424853.005.000) 2026-06-24 14:02:15 Finished transferring output files
...
040 (5424853.007.000) 2026-06-24 14:02:15 Finished transferring output files
...
005 (5424853.004.000) 2026-06-24 14:02:15 Job terminated.
	(1) Normal termination (return value 0)
		Usr 0 00:00:00, Sys 0 00:00:00  -  Run Remote Usage
		Usr 0 00:00:00, Sys 0 00:00:00  -  Run Local Usage
		Usr 0 00:00:00, Sys 0 00:00:00  -  Total Remote Usage
		Usr 0 00:00:00, Sys 0 00:00:00  -  Total Local Usage
	193  -  Run Bytes Sent By Job
	2018  -  Run Bytes Received By Job
	193  -  Total Bytes Sent By Job
	2018  -  Total Bytes Received By Job
	Partitionable Resources :    Usage  Request Allocated 
	   Cpus                 :        0        1         1 
	   Disk (KB)            :       33   102400    102400 
	   GPUs                 :                           0 
	   IoHeavy              :                           0 
	   Memory (MB)          :        0      512       512 
	   TimeExecute (s)      :        1                    
	   TimeSlotBusy (s)     :        1                    
...
005 (5424853.008.000) 2026-06-24 14:02:16 Job terminated.
	(1) Normal termination (return value 0)
		Usr 0 00:00:00, Sys 0 00:00:00  -  Run Remote Usage
		Usr 0 00:00:00, Sys 0 00:00:00  -  Run Local Usage
		Usr 0 00:00:00, Sys 0 00:00:00  -  Total Remote Usage
		Usr 0 00:00:00, Sys 0 00:00:00  -  Total Local Usage
	193  -  Run Bytes Sent By Job
	2018  -  Run Bytes Received By Job
	193  -  Total Bytes Sent By Job
	2018  -  Total Bytes Received By Job
	Partitionable Resources :    Usage  Request Allocated 
	   Cpus                 :        0        1         1 
	   Disk (KB)            :       33   102400    102400 
	   GPUs                 :                           0 
	   IoHeavy              :                           0 
	   Memory (MB)          :        0      512       512 
	   TimeExecute (s)      :        0                    
	   TimeSlotBusy (s)     :        2                    
...
005 (5424853.006.000) 2026-06-24 14:02:16 Job terminated.
	(1) Normal termination (return value 0)
		Usr 0 00:00:00, Sys 0 00:00:00  -  Run Remote Usage
		Usr 0 00:00:00, Sys 0 00:00:00  -  Run Local Usage
		Usr 0 00:00:00, Sys 0 00:00:00  -  Total Remote Usage
		Usr 0 00:00:00, Sys 0 00:00:00  -  Total Local Usage
	191  -  Run Bytes Sent By Job
	2018  -  Run Bytes Received By Job
	191  -  Total Bytes Sent By Job
	2018  -  Total Bytes Received By Job
	Partitionable Resources :    Usage  Request Allocated 
	   Cpus                 :        0        1         1 
	   Disk (KB)            :       33   102400    102400 
	   GPUs                 :                           0 
	   IoHeavy              :                           0 
	   Memory (MB)          :        0      512       512 
	   TimeExecute (s)      :        0                    
	   TimeSlotBusy (s)     :        2                    
...
005 (5424853.005.000) 2026-06-24 14:02:16 Job terminated.
	(1) Normal termination (return value 0)
		Usr 0 00:00:00, Sys 0 00:00:00  -  Run Remote Usage
		Usr 0 00:00:00, Sys 0 00:00:00  -  Run Local Usage
		Usr 0 00:00:00, Sys 0 00:00:00  -  Total Remote Usage
		Usr 0 00:00:00, Sys 0 00:00:00  -  Total Local Usage
	189  -  Run Bytes Sent By Job
	2018  -  Run Bytes Received By Job
	189  -  Total Bytes Sent By Job
	2018  -  Total Bytes Received By Job
	Partitionable Resources :    Usage  Request Allocated 
	   Cpus                 :        0        1         1 
	   Disk (KB)            :       33   102400    102400 
	   GPUs                 :                           0 
	   IoHeavy              :                           0 
	   Memory (MB)          :        0      512       512 
	   TimeExecute (s)      :        0                    
	   TimeSlotBusy (s)     :        2                    
...
005 (5424853.007.000) 2026-06-24 14:02:16 Job terminated.
	(1) Normal termination (return value 0)
		Usr 0 00:00:00, Sys 0 00:00:00  -  Run Remote Usage
		Usr 0 00:00:00, Sys 0 00:00:00  -  Run Local Usage
		Usr 0 00:00:00, Sys 0 00:00:00  -  Total Remote Usage
		Usr 0 00:00:00, Sys 0 00:00:00  -  Total Local Usage
	193  -  Run Bytes Sent By Job
	2018  -  Run Bytes Received By Job
	193  -  Total Bytes Sent By Job
	2018  -  Total Bytes Received By Job
	Partitionable Resources :    Usage  Request Allocated 
	   Cpus                 :        0        1         1 
	   Disk (KB)            :       33   102400    102400 
	   GPUs                 :                           0 
	   IoHeavy              :                           0 
	   Memory (MB)          :        0      512       512 
	   TimeExecute (s)      :        0                    
	   TimeSlotBusy (s)     :        2                    
...
