000 (5424864.000.000) 2026-06-24 14:04:29 Job submitted from host: <128.105.68.113:9618?addrs=128.105.68.113-9618+[2607-f388-2200-100-eaeb-d3ff-fea7-d05e]-9618&alias=ap2002.chtc.wisc.edu&noUDP&sock=schedd_7841_da2f>
...
000 (5424864.001.000) 2026-06-24 14:04:29 Job submitted from host: <128.105.68.113:9618?addrs=128.105.68.113-9618+[2607-f388-2200-100-eaeb-d3ff-fea7-d05e]-9618&alias=ap2002.chtc.wisc.edu&noUDP&sock=schedd_7841_da2f>
...
000 (5424864.002.000) 2026-06-24 14:04:29 Job submitted from host: <128.105.68.113:9618?addrs=128.105.68.113-9618+[2607-f388-2200-100-eaeb-d3ff-fea7-d05e]-9618&alias=ap2002.chtc.wisc.edu&noUDP&sock=schedd_7841_da2f>
...
000 (5424864.003.000) 2026-06-24 14:04:29 Job submitted from host: <128.105.68.113:9618?addrs=128.105.68.113-9618+[2607-f388-2200-100-eaeb-d3ff-fea7-d05e]-9618&alias=ap2002.chtc.wisc.edu&noUDP&sock=schedd_7841_da2f>
...
000 (5424864.004.000) 2026-06-24 14:04:29 Job submitted from host: <128.105.68.113:9618?addrs=128.105.68.113-9618+[2607-f388-2200-100-eaeb-d3ff-fea7-d05e]-9618&alias=ap2002.chtc.wisc.edu&noUDP&sock=schedd_7841_da2f>
...
000 (5424864.005.000) 2026-06-24 14:04:29 Job submitted from host: <128.105.68.113:9618?addrs=128.105.68.113-9618+[2607-f388-2200-100-eaeb-d3ff-fea7-d05e]-9618&alias=ap2002.chtc.wisc.edu&noUDP&sock=schedd_7841_da2f>
...
000 (5424864.006.000) 2026-06-24 14:04:29 Job submitted from host: <128.105.68.113:9618?addrs=128.105.68.113-9618+[2607-f388-2200-100-eaeb-d3ff-fea7-d05e]-9618&alias=ap2002.chtc.wisc.edu&noUDP&sock=schedd_7841_da2f>
...
000 (5424864.007.000) 2026-06-24 14:04:29 Job submitted from host: <128.105.68.113:9618?addrs=128.105.68.113-9618+[2607-f388-2200-100-eaeb-d3ff-fea7-d05e]-9618&alias=ap2002.chtc.wisc.edu&noUDP&sock=schedd_7841_da2f>
...
000 (5424864.008.000) 2026-06-24 14:04:29 Job submitted from host: <128.105.68.113:9618?addrs=128.105.68.113-9618+[2607-f388-2200-100-eaeb-d3ff-fea7-d05e]-9618&alias=ap2002.chtc.wisc.edu&noUDP&sock=schedd_7841_da2f>
...
000 (5424864.009.000) 2026-06-24 14:04:29 Job submitted from host: <128.105.68.113:9618?addrs=128.105.68.113-9618+[2607-f388-2200-100-eaeb-d3ff-fea7-d05e]-9618&alias=ap2002.chtc.wisc.edu&noUDP&sock=schedd_7841_da2f>
...
040 (5424864.000.000) 2026-06-24 14:04:33 Started transferring input files
	Transferring to host: <128.105.68.40:9618?addrs=128.105.68.40-9618+[2607-f388-2200-100-3680-dff-fe2e-8810]-9618&alias=e2470.chtc.wisc.edu&noUDP&sock=slot1_79_4110444_6567_157037>
...
040 (5424864.002.000) 2026-06-24 14:04:33 Started transferring input files
	Transferring to host: <128.105.68.47:9618?addrs=128.105.68.47-9618+[2607-f388-2200-100-3680-dff-fe2e-8858]-9618&alias=e2477.chtc.wisc.edu&noUDP&sock=slot1_74_233893_8700_158323>
...
040 (5424864.001.000) 2026-06-24 14:04:33 Started transferring input files
	Transferring to host: <128.105.69.201:9618?addrs=128.105.69.201-9618+[2607-f388-2200-100-1270-fdff-fe56-62e4]-9618&alias=e4030.chtc.wisc.edu&noUDP&sock=slot1_67_3056176_376f_173099>
...
040 (5424864.000.000) 2026-06-24 14:04:33 Finished transferring input files
...
040 (5424864.002.000) 2026-06-24 14:04:33 Finished transferring input files
...
040 (5424864.001.000) 2026-06-24 14:04:33 Finished transferring input files
...
040 (5424864.003.000) 2026-06-24 14:04:33 Started transferring input files
	Transferring to host: <128.105.69.138:9618?addrs=128.105.69.138-9618+[2607-f388-2200-100-1270-fdff-fe56-ca54]-9618&alias=e4015.chtc.wisc.edu&noUDP&sock=slot1_13_722751_3668_176754>
...
001 (5424864.000.000) 2026-06-24 14:04:33 Job executing on host: <128.105.68.40:9618?addrs=128.105.68.40-9618+[2607-f388-2200-100-3680-dff-fe2e-8810]-9618&alias=e2470.chtc.wisc.edu&noUDP&sock=startd_12142_fb05>
	SlotName: slot1_79@e2470.chtc.wisc.edu
	CondorScratchDir = "/var/lib/condor/execute/slot1/dir_1004586/scratch"
	Cpus = 1
	Disk = 102400
	GPUs = 0
	IoHeavy = 0
	Memory = 512
...
001 (5424864.002.000) 2026-06-24 14:04:33 Job executing on host: <128.105.68.47:9618?addrs=128.105.68.47-9618+[2607-f388-2200-100-3680-dff-fe2e-8858]-9618&alias=e2477.chtc.wisc.edu&noUDP&sock=startd_12123_f2b8>
	SlotName: slot1_74@e2477.chtc.wisc.edu
	CondorScratchDir = "/var/lib/condor/execute/slot1/dir_1445741/scratch"
	Cpus = 1
	Disk = 102400
	GPUs = 0
	IoHeavy = 0
	Memory = 512
...
040 (5424864.003.000) 2026-06-24 14:04:33 Finished transferring input files
...
001 (5424864.001.000) 2026-06-24 14:04:33 Job executing on host: <128.105.69.201:9618?addrs=128.105.69.201-9618+[2607-f388-2200-100-1270-fdff-fe56-62e4]-9618&alias=e4030.chtc.wisc.edu&noUDP&sock=startd_14682_3593>
	SlotName: slot1_67@e4030.chtc.wisc.edu
	CondorScratchDir = "/var/lib/condor/execute/slot1/dir_1336487/scratch"
	Cpus = 1
	Disk = 102400
	GPUs = 0
	IoHeavy = 0
	Memory = 512
...
001 (5424864.003.000) 2026-06-24 14:04:33 Job executing on host: <128.105.69.138:9618?addrs=128.105.69.138-9618+[2607-f388-2200-100-1270-fdff-fe56-ca54]-9618&alias=e4015.chtc.wisc.edu&noUDP&sock=startd_14968_61a9>
	SlotName: slot1_13@e4015.chtc.wisc.edu
	CondorScratchDir = "/var/lib/condor/execute/slot1/dir_2031176/scratch"
	Cpus = 1
	Disk = 102400
	GPUs = 0
	IoHeavy = 0
	Memory = 512
...
006 (5424864.001.000) 2026-06-24 14:04:33 Image size of job updated: 1500
	0  -  MemoryUsage of job (MB)
	0  -  ResidentSetSize of job (KB)
...
040 (5424864.001.000) 2026-06-24 14:04:33 Started transferring output files
...
040 (5424864.001.000) 2026-06-24 14:04:33 Finished transferring output files
...
040 (5424864.004.000) 2026-06-24 14:04:33 Started transferring input files
	Transferring to host: <128.105.68.47:9618?addrs=128.105.68.47-9618+[2607-f388-2200-100-3680-dff-fe2e-8858]-9618&alias=e2477.chtc.wisc.edu&noUDP&sock=slot1_45_233893_8700_158324>
...
006 (5424864.002.000) 2026-06-24 14:04:33 Image size of job updated: 1500
	0  -  MemoryUsage of job (MB)
	0  -  ResidentSetSize of job (KB)
...
040 (5424864.004.000) 2026-06-24 14:04:33 Finished transferring input files
...
001 (5424864.004.000) 2026-06-24 14:04:33 Job executing on host: <128.105.68.47:9618?addrs=128.105.68.47-9618+[2607-f388-2200-100-3680-dff-fe2e-8858]-9618&alias=e2477.chtc.wisc.edu&noUDP&sock=startd_12123_f2b8>
	SlotName: slot1_45@e2477.chtc.wisc.edu
	CondorScratchDir = "/var/lib/condor/execute/slot1/dir_1445744/scratch"
	Cpus = 1
	Disk = 102400
	GPUs = 0
	IoHeavy = 0
	Memory = 512
...
040 (5424864.002.000) 2026-06-24 14:04:33 Started transferring output files
...
006 (5424864.000.000) 2026-06-24 14:04:33 Image size of job updated: 1500
	0  -  MemoryUsage of job (MB)
	0  -  ResidentSetSize of job (KB)
...
006 (5424864.003.000) 2026-06-24 14:04:33 Image size of job updated: 1500
	0  -  MemoryUsage of job (MB)
	0  -  ResidentSetSize of job (KB)
...
040 (5424864.003.000) 2026-06-24 14:04:33 Started transferring output files
...
040 (5424864.000.000) 2026-06-24 14:04:33 Started transferring output files
...
040 (5424864.002.000) 2026-06-24 14:04:33 Finished transferring output files
...
040 (5424864.003.000) 2026-06-24 14:04:33 Finished transferring output files
...
040 (5424864.000.000) 2026-06-24 14:04:33 Finished transferring output files
...
006 (5424864.004.000) 2026-06-24 14:04:33 Image size of job updated: 1500
	0  -  MemoryUsage of job (MB)
	0  -  ResidentSetSize of job (KB)
...
040 (5424864.004.000) 2026-06-24 14:04:33 Started transferring output files
...
040 (5424864.004.000) 2026-06-24 14:04:33 Finished transferring output files
...
040 (5424864.005.000) 2026-06-24 14:04:34 Started transferring input files
	Transferring to host: <128.105.68.40:9618?addrs=128.105.68.40-9618+[2607-f388-2200-100-3680-dff-fe2e-8810]-9618&alias=e2470.chtc.wisc.edu&noUDP&sock=slot1_81_4110444_6567_157038>
...
005 (5424864.000.000) 2026-06-24 14:04:34 Job terminated.
	(1) Normal termination (return value 0)
		Usr 0 00:00:00, Sys 0 00:00:00  -  Run Remote Usage
		Usr 0 00:00:00, Sys 0 00:00:00  -  Run Local Usage
		Usr 0 00:00:00, Sys 0 00:00:00  -  Total Remote Usage
		Usr 0 00:00:00, Sys 0 00:00:00  -  Total Local Usage
	191  -  Run Bytes Sent By Job
	2018  -  Run Bytes Received By Job
	191  -  Total Bytes Sent By Job
	2018  -  Total Bytes Received By Job
	Partitionable Resources :    Usage  Request Allocated 
	   Cpus                 :        0        1         1 
	   Disk (KB)            :       31   102400    102400 
	   GPUs                 :                           0 
	   IoHeavy              :                           0 
	   Memory (MB)          :        0      512       512 
	   TimeExecute (s)      :        0                    
	   TimeSlotBusy (s)     :        1                    
...
040 (5424864.005.000) 2026-06-24 14:04:34 Finished transferring input files
...
040 (5424864.007.000) 2026-06-24 14:04:34 Started transferring input files
	Transferring to host: <128.105.68.40:9618?addrs=128.105.68.40-9618+[2607-f388-2200-100-3680-dff-fe2e-8810]-9618&alias=e2470.chtc.wisc.edu&noUDP&sock=slot1_80_4110444_6567_157039>
...
040 (5424864.007.000) 2026-06-24 14:04:34 Finished transferring input files
...
001 (5424864.005.000) 2026-06-24 14:04:34 Job executing on host: <128.105.68.40:9618?addrs=128.105.68.40-9618+[2607-f388-2200-100-3680-dff-fe2e-8810]-9618&alias=e2470.chtc.wisc.edu&noUDP&sock=startd_12142_fb05>
	SlotName: slot1_81@e2470.chtc.wisc.edu
	CondorScratchDir = "/var/lib/condor/execute/slot1/dir_1004595/scratch"
	Cpus = 1
	Disk = 102400
	GPUs = 0
	IoHeavy = 0
	Memory = 512
...
001 (5424864.007.000) 2026-06-24 14:04:34 Job executing on host: <128.105.68.40:9618?addrs=128.105.68.40-9618+[2607-f388-2200-100-3680-dff-fe2e-8810]-9618&alias=e2470.chtc.wisc.edu&noUDP&sock=startd_12142_fb05>
	SlotName: slot1_80@e2470.chtc.wisc.edu
	CondorScratchDir = "/var/lib/condor/execute/slot1/dir_1004597/scratch"
	Cpus = 1
	Disk = 102400
	GPUs = 0
	IoHeavy = 0
	Memory = 512
...
005 (5424864.001.000) 2026-06-24 14:04:34 Job terminated.
	(1) Normal termination (return value 0)
		Usr 0 00:00:00, Sys 0 00:00:00  -  Run Remote Usage
		Usr 0 00:00:00, Sys 0 00:00:00  -  Run Local Usage
		Usr 0 00:00:00, Sys 0 00:00:00  -  Total Remote Usage
		Usr 0 00:00:00, Sys 0 00:00:00  -  Total Local Usage
	191  -  Run Bytes Sent By Job
	2018  -  Run Bytes Received By Job
	191  -  Total Bytes Sent By Job
	2018  -  Total Bytes Received By Job
	Partitionable Resources :    Usage  Request Allocated 
	   Cpus                 :                 1         1 
	   Disk (KB)            :       33   102400    102400 
	   GPUs                 :                           0 
	   IoHeavy              :                           0 
	   Memory (MB)          :        0      512       512 
	   TimeExecute (s)      :        0                    
	   TimeSlotBusy (s)     :        0                    
...
006 (5424864.005.000) 2026-06-24 14:04:34 Image size of job updated: 1500
	0  -  MemoryUsage of job (MB)
	0  -  ResidentSetSize of job (KB)
...
040 (5424864.009.000) 2026-06-24 14:04:34 Started transferring input files
	Transferring to host: <128.105.68.41:9618?addrs=128.105.68.41-9618+[2607-f388-2200-100-3680-dff-fe2e-8480]-9618&alias=e2471.chtc.wisc.edu&noUDP&sock=slot1_64_884176_ba6c_142899>
...
040 (5424864.009.000) 2026-06-24 14:04:34 Finished transferring input files
...
040 (5424864.005.000) 2026-06-24 14:04:34 Started transferring output files
...
001 (5424864.009.000) 2026-06-24 14:04:34 Job executing on host: <128.105.68.41:9618?addrs=128.105.68.41-9618+[2607-f388-2200-100-3680-dff-fe2e-8480]-9618&alias=e2471.chtc.wisc.edu&noUDP&sock=startd_12135_2ddb>
	SlotName: slot1_64@e2471.chtc.wisc.edu
	CondorScratchDir = "/var/lib/condor/execute/slot1/dir_2851441/scratch"
	Cpus = 1
	Disk = 102400
	GPUs = 0
	IoHeavy = 0
	Memory = 512
...
040 (5424864.005.000) 2026-06-24 14:04:34 Finished transferring output files
...
005 (5424864.002.000) 2026-06-24 14:04:34 Job terminated.
	(1) Normal termination (return value 0)
		Usr 0 00:00:00, Sys 0 00:00:00  -  Run Remote Usage
		Usr 0 00:00:00, Sys 0 00:00:00  -  Run Local Usage
		Usr 0 00:00:00, Sys 0 00:00:00  -  Total Remote Usage
		Usr 0 00:00:00, Sys 0 00:00:00  -  Total Local Usage
	193  -  Run Bytes Sent By Job
	2018  -  Run Bytes Received By Job
	193  -  Total Bytes Sent By Job
	2018  -  Total Bytes Received By Job
	Partitionable Resources :    Usage  Request Allocated 
	   Cpus                 :                 1         1 
	   Disk (KB)            :       21   102400    102400 
	   GPUs                 :                           0 
	   IoHeavy              :                           0 
	   Memory (MB)          :        0      512       512 
	   TimeExecute (s)      :        0                    
	   TimeSlotBusy (s)     :        0                    
...
006 (5424864.007.000) 2026-06-24 14:04:34 Image size of job updated: 1500
	0  -  MemoryUsage of job (MB)
	0  -  ResidentSetSize of job (KB)
...
040 (5424864.007.000) 2026-06-24 14:04:34 Started transferring output files
...
040 (5424864.007.000) 2026-06-24 14:04:34 Finished transferring output files
...
006 (5424864.009.000) 2026-06-24 14:04:34 Image size of job updated: 1500
	0  -  MemoryUsage of job (MB)
	0  -  ResidentSetSize of job (KB)
...
040 (5424864.009.000) 2026-06-24 14:04:34 Started transferring output files
...
040 (5424864.009.000) 2026-06-24 14:04:34 Finished transferring output files
...
040 (5424864.008.000) 2026-06-24 14:04:34 Started transferring input files
	Transferring to host: <128.105.68.47:9618?addrs=128.105.68.47-9618+[2607-f388-2200-100-3680-dff-fe2e-8858]-9618&alias=e2477.chtc.wisc.edu&noUDP&sock=slot1_66_233893_8700_158325>
...
040 (5424864.008.000) 2026-06-24 14:04:34 Finished transferring input files
...
001 (5424864.008.000) 2026-06-24 14:04:34 Job executing on host: <128.105.68.47:9618?addrs=128.105.68.47-9618+[2607-f388-2200-100-3680-dff-fe2e-8858]-9618&alias=e2477.chtc.wisc.edu&noUDP&sock=startd_12123_f2b8>
	SlotName: slot1_66@e2477.chtc.wisc.edu
	CondorScratchDir = "/var/lib/condor/execute/slot1/dir_1445758/scratch"
	Cpus = 1
	Disk = 102400
	GPUs = 0
	IoHeavy = 0
	Memory = 512
...
005 (5424864.005.000) 2026-06-24 14:04:34 Job terminated.
	(1) Normal termination (return value 0)
		Usr 0 00:00:00, Sys 0 00:00:00  -  Run Remote Usage
		Usr 0 00:00:00, Sys 0 00:00:00  -  Run Local Usage
		Usr 0 00:00:00, Sys 0 00:00:00  -  Total Remote Usage
		Usr 0 00:00:00, Sys 0 00:00:00  -  Total Local Usage
	192  -  Run Bytes Sent By Job
	2018  -  Run Bytes Received By Job
	192  -  Total Bytes Sent By Job
	2018  -  Total Bytes Received By Job
	Partitionable Resources :    Usage  Request Allocated 
	   Cpus                 :        0        1         1 
	   Disk (KB)            :       32   102400    102400 
	   GPUs                 :                           0 
	   IoHeavy              :                           0 
	   Memory (MB)          :        0      512       512 
	   TimeExecute (s)      :        0                    
	   TimeSlotBusy (s)     :        1                    
...
006 (5424864.008.000) 2026-06-24 14:04:34 Image size of job updated: 1500
	0  -  MemoryUsage of job (MB)
	0  -  ResidentSetSize of job (KB)
...
040 (5424864.006.000) 2026-06-24 14:04:34 Started transferring input files
	Transferring to host: <128.105.69.94:9618?addrs=128.105.69.94-9618+[2607-f388-2200-100-1270-fdff-fe56-3dcc]-9618&alias=e4005.chtc.wisc.edu&noUDP&sock=slot1_73_272362_6afd_177132>
...
005 (5424864.009.000) 2026-06-24 14:04:34 Job terminated.
	(1) Normal termination (return value 0)
		Usr 0 00:00:00, Sys 0 00:00:00  -  Run Remote Usage
		Usr 0 00:00:00, Sys 0 00:00:00  -  Run Local Usage
		Usr 0 00:00:00, Sys 0 00:00:00  -  Total Remote Usage
		Usr 0 00:00:00, Sys 0 00:00:00  -  Total Local Usage
	193  -  Run Bytes Sent By Job
	2018  -  Run Bytes Received By Job
	193  -  Total Bytes Sent By Job
	2018  -  Total Bytes Received By Job
	Partitionable Resources :    Usage  Request Allocated 
	   Cpus                 :                 1         1 
	   Disk (KB)            :       21   102400    102400 
	   GPUs                 :                           0 
	   IoHeavy              :                           0 
	   Memory (MB)          :        0      512       512 
	   TimeExecute (s)      :        0                    
	   TimeSlotBusy (s)     :        0                    
...
040 (5424864.006.000) 2026-06-24 14:04:34 Finished transferring input files
...
040 (5424864.008.000) 2026-06-24 14:04:34 Started transferring output files
...
005 (5424864.004.000) 2026-06-24 14:04:34 Job terminated.
	(1) Normal termination (return value 0)
		Usr 0 00:00:00, Sys 0 00:00:00  -  Run Remote Usage
		Usr 0 00:00:00, Sys 0 00:00:00  -  Run Local Usage
		Usr 0 00:00:00, Sys 0 00:00:00  -  Total Remote Usage
		Usr 0 00:00:00, Sys 0 00:00:00  -  Total Local Usage
	193  -  Run Bytes Sent By Job
	2018  -  Run Bytes Received By Job
	193  -  Total Bytes Sent By Job
	2018  -  Total Bytes Received By Job
	Partitionable Resources :    Usage  Request Allocated 
	   Cpus                 :                 1         1 
	   Disk (KB)            :       21   102400    102400 
	   GPUs                 :                           0 
	   IoHeavy              :                           0 
	   Memory (MB)          :        0      512       512 
	   TimeExecute (s)      :        0                    
	   TimeSlotBusy (s)     :        0                    
...
005 (5424864.003.000) 2026-06-24 14:04:34 Job terminated.
	(1) Normal termination (return value 0)
		Usr 0 00:00:00, Sys 0 00:00:00  -  Run Remote Usage
		Usr 0 00:00:00, Sys 0 00:00:00  -  Run Local Usage
		Usr 0 00:00:00, Sys 0 00:00:00  -  Total Remote Usage
		Usr 0 00:00:00, Sys 0 00:00:00  -  Total Local Usage
	193  -  Run Bytes Sent By Job
	2018  -  Run Bytes Received By Job
	193  -  Total Bytes Sent By Job
	2018  -  Total Bytes Received By Job
	Partitionable Resources :    Usage  Request Allocated 
	   Cpus                 :                 1         1 
	   Disk (KB)            :       33   102400    102400 
	   GPUs                 :                           0 
	   IoHeavy              :                           0 
	   Memory (MB)          :        0      512       512 
	   TimeExecute (s)      :        0                    
	   TimeSlotBusy (s)     :        0                    
...
040 (5424864.008.000) 2026-06-24 14:04:34 Finished transferring output files
...
005 (5424864.007.000) 2026-06-24 14:04:34 Job terminated.
	(1) Normal termination (return value 0)
		Usr 0 00:00:00, Sys 0 00:00:00  -  Run Remote Usage
		Usr 0 00:00:00, Sys 0 00:00:00  -  Run Local Usage
		Usr 0 00:00:00, Sys 0 00:00:00  -  Total Remote Usage
		Usr 0 00:00:00, Sys 0 00:00:00  -  Total Local Usage
	193  -  Run Bytes Sent By Job
	2018  -  Run Bytes Received By Job
	193  -  Total Bytes Sent By Job
	2018  -  Total Bytes Received By Job
	Partitionable Resources :    Usage  Request Allocated 
	   Cpus                 :                 1         1 
	   Disk (KB)            :       21   102400    102400 
	   GPUs                 :                           0 
	   IoHeavy              :                           0 
	   Memory (MB)          :        0      512       512 
	   TimeExecute (s)      :        0                    
	   TimeSlotBusy (s)     :        1                    
...
005 (5424864.008.000) 2026-06-24 14:04:35 Job terminated.
	(1) Normal termination (return value 0)
		Usr 0 00:00:00, Sys 0 00:00:00  -  Run Remote Usage
		Usr 0 00:00:00, Sys 0 00:00:00  -  Run Local Usage
		Usr 0 00:00:00, Sys 0 00:00:00  -  Total Remote Usage
		Usr 0 00:00:00, Sys 0 00:00:00  -  Total Local Usage
	193  -  Run Bytes Sent By Job
	2018  -  Run Bytes Received By Job
	193  -  Total Bytes Sent By Job
	2018  -  Total Bytes Received By Job
	Partitionable Resources :    Usage  Request Allocated 
	   Cpus                 :                 1         1 
	   Disk (KB)            :       21   102400    102400 
	   GPUs                 :                           0 
	   IoHeavy              :                           0 
	   Memory (MB)          :        0      512       512 
	   TimeExecute (s)      :        0                    
	   TimeSlotBusy (s)     :        0                    
...
001 (5424864.006.000) 2026-06-24 14:04:35 Job executing on host: <128.105.69.94:9618?addrs=128.105.69.94-9618+[2607-f388-2200-100-1270-fdff-fe56-3dcc]-9618&alias=e4005.chtc.wisc.edu&noUDP&sock=startd_14758_56c5>
	SlotName: slot1_73@e4005.chtc.wisc.edu
	CondorScratchDir = "/var/lib/condor/execute/slot1/dir_2229842/scratch"
	Cpus = 1
	Disk = 102400
	GPUs = 0
	IoHeavy = 0
	Memory = 512
...
006 (5424864.006.000) 2026-06-24 14:04:36 Image size of job updated: 1500
	0  -  MemoryUsage of job (MB)
	0  -  ResidentSetSize of job (KB)
...
040 (5424864.006.000) 2026-06-24 14:04:36 Started transferring output files
...
040 (5424864.006.000) 2026-06-24 14:04:36 Finished transferring output files
...
005 (5424864.006.000) 2026-06-24 14:04:37 Job terminated.
	(1) Normal termination (return value 0)
		Usr 0 00:00:00, Sys 0 00:00:00  -  Run Remote Usage
		Usr 0 00:00:00, Sys 0 00:00:00  -  Run Local Usage
		Usr 0 00:00:00, Sys 0 00:00:00  -  Total Remote Usage
		Usr 0 00:00:00, Sys 0 00:00:00  -  Total Local Usage
	191  -  Run Bytes Sent By Job
	2018  -  Run Bytes Received By Job
	191  -  Total Bytes Sent By Job
	2018  -  Total Bytes Received By Job
	Partitionable Resources :    Usage  Request Allocated 
	   Cpus                 :                 1         1 
	   Disk (KB)            :       72   102400    102400 
	   GPUs                 :                           0 
	   IoHeavy              :                           0 
	   Memory (MB)          :        0      512       512 
	   TimeExecute (s)      :        1                    
	   TimeSlotBusy (s)     :        2                    
...
