000 (5425129.000.000) 2026-06-24 14:08:16 Job submitted from host: <128.105.68.113:9618?addrs=128.105.68.113-9618+[2607-f388-2200-100-eaeb-d3ff-fea7-d05e]-9618&alias=ap2002.chtc.wisc.edu&noUDP&sock=schedd_7841_da2f>
...
000 (5425129.001.000) 2026-06-24 14:08:16 Job submitted from host: <128.105.68.113:9618?addrs=128.105.68.113-9618+[2607-f388-2200-100-eaeb-d3ff-fea7-d05e]-9618&alias=ap2002.chtc.wisc.edu&noUDP&sock=schedd_7841_da2f>
...
000 (5425129.002.000) 2026-06-24 14:08:16 Job submitted from host: <128.105.68.113:9618?addrs=128.105.68.113-9618+[2607-f388-2200-100-eaeb-d3ff-fea7-d05e]-9618&alias=ap2002.chtc.wisc.edu&noUDP&sock=schedd_7841_da2f>
...
000 (5425129.003.000) 2026-06-24 14:08:16 Job submitted from host: <128.105.68.113:9618?addrs=128.105.68.113-9618+[2607-f388-2200-100-eaeb-d3ff-fea7-d05e]-9618&alias=ap2002.chtc.wisc.edu&noUDP&sock=schedd_7841_da2f>
...
000 (5425129.004.000) 2026-06-24 14:08:16 Job submitted from host: <128.105.68.113:9618?addrs=128.105.68.113-9618+[2607-f388-2200-100-eaeb-d3ff-fea7-d05e]-9618&alias=ap2002.chtc.wisc.edu&noUDP&sock=schedd_7841_da2f>
...
000 (5425129.005.000) 2026-06-24 14:08:16 Job submitted from host: <128.105.68.113:9618?addrs=128.105.68.113-9618+[2607-f388-2200-100-eaeb-d3ff-fea7-d05e]-9618&alias=ap2002.chtc.wisc.edu&noUDP&sock=schedd_7841_da2f>
...
000 (5425129.006.000) 2026-06-24 14:08:16 Job submitted from host: <128.105.68.113:9618?addrs=128.105.68.113-9618+[2607-f388-2200-100-eaeb-d3ff-fea7-d05e]-9618&alias=ap2002.chtc.wisc.edu&noUDP&sock=schedd_7841_da2f>
...
000 (5425129.007.000) 2026-06-24 14:08:16 Job submitted from host: <128.105.68.113:9618?addrs=128.105.68.113-9618+[2607-f388-2200-100-eaeb-d3ff-fea7-d05e]-9618&alias=ap2002.chtc.wisc.edu&noUDP&sock=schedd_7841_da2f>
...
000 (5425129.008.000) 2026-06-24 14:08:16 Job submitted from host: <128.105.68.113:9618?addrs=128.105.68.113-9618+[2607-f388-2200-100-eaeb-d3ff-fea7-d05e]-9618&alias=ap2002.chtc.wisc.edu&noUDP&sock=schedd_7841_da2f>
...
000 (5425129.009.000) 2026-06-24 14:08:16 Job submitted from host: <128.105.68.113:9618?addrs=128.105.68.113-9618+[2607-f388-2200-100-eaeb-d3ff-fea7-d05e]-9618&alias=ap2002.chtc.wisc.edu&noUDP&sock=schedd_7841_da2f>
...
040 (5425129.000.000) 2026-06-24 14:09:41 Started transferring input files
	Transferring to host: <128.105.68.42:9618?addrs=128.105.68.42-9618+[2607-f388-2200-100-3680-dff-fe2e-87b0]-9618&alias=e2472.chtc.wisc.edu&noUDP&sock=slot1_35_4161719_45ac_138330>
...
040 (5425129.001.000) 2026-06-24 14:09:41 Started transferring input files
	Transferring to host: <128.105.69.196:9618?addrs=128.105.69.196-9618+[2607-f388-2200-100-1270-fdff-fe56-bf74]-9618&alias=e4049.chtc.wisc.edu&noUDP&sock=slot1_17_1308022_93ff_207696>
...
040 (5425129.002.000) 2026-06-24 14:09:42 Started transferring input files
	Transferring to host: <128.105.69.196:9618?addrs=128.105.69.196-9618+[2607-f388-2200-100-1270-fdff-fe56-bf74]-9618&alias=e4049.chtc.wisc.edu&noUDP&sock=slot1_76_1308022_93ff_207697>
...
040 (5425129.000.000) 2026-06-24 14:09:59 Finished transferring input files
...
040 (5425129.009.000) 2026-06-24 14:09:59 Started transferring input files
	Transferring to host: <128.105.68.36:9618?addrs=128.105.68.36-9618+[2607-f388-2200-100-3680-dff-fe2e-7f70]-9618&alias=e2466.chtc.wisc.edu&noUDP&sock=slot1_69_2069226_a869_150234>
...
040 (5425129.008.000) 2026-06-24 14:10:01 Started transferring input files
	Transferring to host: <128.105.68.41:9618?addrs=128.105.68.41-9618+[2607-f388-2200-100-3680-dff-fe2e-8480]-9618&alias=e2471.chtc.wisc.edu&noUDP&sock=slot1_21_884176_ba6c_142929>
...
040 (5425129.001.000) 2026-06-24 14:10:05 Finished transferring input files
...
040 (5425129.004.000) 2026-06-24 14:10:06 Started transferring input files
	Transferring to host: <128.105.69.142:9618?addrs=128.105.69.142-9618+[2607-f388-2200-100-1270-fdff-fe56-747c]-9618&alias=e4019.chtc.wisc.edu&noUDP&sock=slot1_95_118948_605e_190576>
...
040 (5425129.007.000) 2026-06-24 14:10:06 Started transferring input files
	Transferring to host: <128.105.69.138:9618?addrs=128.105.69.138-9618+[2607-f388-2200-100-1270-fdff-fe56-ca54]-9618&alias=e4015.chtc.wisc.edu&noUDP&sock=slot1_51_722751_3668_176774>
...
040 (5425129.005.000) 2026-06-24 14:10:06 Started transferring input files
	Transferring to host: <128.105.68.35:9618?addrs=128.105.68.35-9618+[2607-f388-2200-100-3680-dff-fe2e-7238]-9618&alias=e2465.chtc.wisc.edu&noUDP&sock=slot1_62_250489_e923_150503>
...
040 (5425129.003.000) 2026-06-24 14:10:06 Started transferring input files
	Transferring to host: <128.105.68.52:9618?addrs=128.105.68.52-9618+[2607-f388-2200-100-3680-dff-fe2e-8720]-9618&alias=e2482.chtc.wisc.edu&noUDP&sock=slot1_57_1923355_579e_151933>
...
040 (5425129.006.000) 2026-06-24 14:10:06 Started transferring input files
	Transferring to host: <128.105.68.40:9618?addrs=128.105.68.40-9618+[2607-f388-2200-100-3680-dff-fe2e-8810]-9618&alias=e2470.chtc.wisc.edu&noUDP&sock=slot1_85_4110444_6567_157082>
...
040 (5425129.002.000) 2026-06-24 14:10:08 Finished transferring input files
...
040 (5425129.009.000) 2026-06-24 14:10:38 Finished transferring input files
...
040 (5425129.008.000) 2026-06-24 14:10:38 Finished transferring input files
...
040 (5425129.004.000) 2026-06-24 14:10:38 Finished transferring input files
...
040 (5425129.007.000) 2026-06-24 14:10:38 Finished transferring input files
...
040 (5425129.005.000) 2026-06-24 14:10:38 Finished transferring input files
...
040 (5425129.003.000) 2026-06-24 14:10:38 Finished transferring input files
...
040 (5425129.006.000) 2026-06-24 14:10:38 Finished transferring input files
...
001 (5425129.000.000) 2026-06-24 14:11:02 Job executing on host: <128.105.68.42:9618?addrs=128.105.68.42-9618+[2607-f388-2200-100-3680-dff-fe2e-87b0]-9618&alias=e2472.chtc.wisc.edu&noUDP&sock=startd_12127_b119>
	SlotName: slot1_35@e2472.chtc.wisc.edu
	CondorScratchDir = "/var/lib/condor/execute/slot1/dir_2976264/scratch"
	Cpus = 1
	Disk = 102400
	GPUs = 0
	IoHeavy = 0
	Memory = 512
...
006 (5425129.000.000) 2026-06-24 14:11:02 Image size of job updated: 3648
	0  -  MemoryUsage of job (MB)
	0  -  ResidentSetSize of job (KB)
...
001 (5425129.001.000) 2026-06-24 14:11:04 Job executing on host: <128.105.69.196:9618?addrs=128.105.69.196-9618+[2607-f388-2200-100-1270-fdff-fe56-bf74]-9618&alias=e4049.chtc.wisc.edu&noUDP&sock=startd_12047_d185>
	SlotName: slot1_17@e4049.chtc.wisc.edu
	CondorScratchDir = "/var/lib/condor/execute/slot1/dir_2038390/scratch"
	Cpus = 1
	Disk = 102400
	GPUs = 0
	IoHeavy = 0
	Memory = 512
...
006 (5425129.001.000) 2026-06-24 14:11:04 Image size of job updated: 1780
	0  -  MemoryUsage of job (MB)
	0  -  ResidentSetSize of job (KB)
...
001 (5425129.002.000) 2026-06-24 14:11:04 Job executing on host: <128.105.69.196:9618?addrs=128.105.69.196-9618+[2607-f388-2200-100-1270-fdff-fe56-bf74]-9618&alias=e4049.chtc.wisc.edu&noUDP&sock=startd_12047_d185>
	SlotName: slot1_76@e4049.chtc.wisc.edu
	CondorScratchDir = "/var/lib/condor/execute/slot1/dir_2038394/scratch"
	Cpus = 1
	Disk = 102400
	GPUs = 0
	IoHeavy = 0
	Memory = 512
...
006 (5425129.002.000) 2026-06-24 14:11:05 Image size of job updated: 1612
	0  -  MemoryUsage of job (MB)
	0  -  ResidentSetSize of job (KB)
...
001 (5425129.009.000) 2026-06-24 14:11:56 Job executing on host: <128.105.68.36:9618?addrs=128.105.68.36-9618+[2607-f388-2200-100-3680-dff-fe2e-7f70]-9618&alias=e2466.chtc.wisc.edu&noUDP&sock=startd_12169_8013>
	SlotName: slot1_69@e2466.chtc.wisc.edu
	CondorScratchDir = "/var/lib/condor/execute/slot1/dir_2937175/scratch"
	Cpus = 1
	Disk = 102400
	GPUs = 0
	IoHeavy = 0
	Memory = 512
...
040 (5425129.000.000) 2026-06-24 14:11:56 Started transferring output files
...
001 (5425129.008.000) 2026-06-24 14:11:56 Job executing on host: <128.105.68.41:9618?addrs=128.105.68.41-9618+[2607-f388-2200-100-3680-dff-fe2e-8480]-9618&alias=e2471.chtc.wisc.edu&noUDP&sock=startd_12135_2ddb>
	SlotName: slot1_21@e2471.chtc.wisc.edu
	CondorScratchDir = "/var/lib/condor/execute/slot1/dir_2865275/scratch"
	Cpus = 1
	Disk = 102400
	GPUs = 0
	IoHeavy = 0
	Memory = 512
...
006 (5425129.009.000) 2026-06-24 14:11:56 Image size of job updated: 1500
	0  -  MemoryUsage of job (MB)
	0  -  ResidentSetSize of job (KB)
...
006 (5425129.008.000) 2026-06-24 14:11:56 Image size of job updated: 1804
	0  -  MemoryUsage of job (MB)
	0  -  ResidentSetSize of job (KB)
...
001 (5425129.007.000) 2026-06-24 14:11:56 Job executing on host: <128.105.69.138:9618?addrs=128.105.69.138-9618+[2607-f388-2200-100-1270-fdff-fe56-ca54]-9618&alias=e4015.chtc.wisc.edu&noUDP&sock=startd_14968_61a9>
	SlotName: slot1_51@e4015.chtc.wisc.edu
	CondorScratchDir = "/var/lib/condor/execute/slot1/dir_2043171/scratch"
	Cpus = 1
	Disk = 102400
	GPUs = 0
	IoHeavy = 0
	Memory = 512
...
001 (5425129.005.000) 2026-06-24 14:11:56 Job executing on host: <128.105.68.35:9618?addrs=128.105.68.35-9618+[2607-f388-2200-100-3680-dff-fe2e-7238]-9618&alias=e2465.chtc.wisc.edu&noUDP&sock=startd_12116_258e>
	SlotName: slot1_62@e2465.chtc.wisc.edu
	CondorScratchDir = "/var/lib/condor/execute/slot1/dir_2378244/scratch"
	Cpus = 1
	Disk = 102400
	GPUs = 0
	IoHeavy = 0
	Memory = 512
...
001 (5425129.004.000) 2026-06-24 14:11:56 Job executing on host: <128.105.69.142:9618?addrs=128.105.69.142-9618+[2607-f388-2200-100-1270-fdff-fe56-747c]-9618&alias=e4019.chtc.wisc.edu&noUDP&sock=startd_14713_7902>
	SlotName: slot1_95@e4019.chtc.wisc.edu
	CondorScratchDir = "/var/lib/condor/execute/slot1/dir_2035734/scratch"
	Cpus = 1
	Disk = 102400
	GPUs = 0
	IoHeavy = 0
	Memory = 512
...
040 (5425129.001.000) 2026-06-24 14:11:56 Started transferring output files
...
006 (5425129.005.000) 2026-06-24 14:11:56 Image size of job updated: 3652
	0  -  MemoryUsage of job (MB)
	0  -  ResidentSetSize of job (KB)
...
006 (5425129.004.000) 2026-06-24 14:11:56 Image size of job updated: 1828
	0  -  MemoryUsage of job (MB)
	0  -  ResidentSetSize of job (KB)
...
006 (5425129.007.000) 2026-06-24 14:11:56 Image size of job updated: 1500
	0  -  MemoryUsage of job (MB)
	0  -  ResidentSetSize of job (KB)
...
001 (5425129.003.000) 2026-06-24 14:11:57 Job executing on host: <128.105.68.52:9618?addrs=128.105.68.52-9618+[2607-f388-2200-100-3680-dff-fe2e-8720]-9618&alias=e2482.chtc.wisc.edu&noUDP&sock=startd_12198_6452>
	SlotName: slot1_57@e2482.chtc.wisc.edu
	CondorScratchDir = "/var/lib/condor/execute/slot1/dir_3726278/scratch"
	Cpus = 1
	Disk = 102400
	GPUs = 0
	IoHeavy = 0
	Memory = 512
...
006 (5425129.003.000) 2026-06-24 14:11:57 Image size of job updated: 1500
	0  -  MemoryUsage of job (MB)
	0  -  ResidentSetSize of job (KB)
...
001 (5425129.006.000) 2026-06-24 14:11:58 Job executing on host: <128.105.68.40:9618?addrs=128.105.68.40-9618+[2607-f388-2200-100-3680-dff-fe2e-8810]-9618&alias=e2470.chtc.wisc.edu&noUDP&sock=startd_12142_fb05>
	SlotName: slot1_85@e2470.chtc.wisc.edu
	CondorScratchDir = "/var/lib/condor/execute/slot1/dir_1013124/scratch"
	Cpus = 1
	Disk = 102400
	GPUs = 0
	IoHeavy = 0
	Memory = 512
...
006 (5425129.006.000) 2026-06-24 14:11:58 Image size of job updated: 3648
	0  -  MemoryUsage of job (MB)
	0  -  ResidentSetSize of job (KB)
...
040 (5425129.002.000) 2026-06-24 14:11:58 Started transferring output files
...
040 (5425129.009.000) 2026-06-24 14:13:20 Started transferring output files
...
040 (5425129.008.000) 2026-06-24 14:13:20 Started transferring output files
...
040 (5425129.005.000) 2026-06-24 14:13:20 Started transferring output files
...
040 (5425129.004.000) 2026-06-24 14:13:20 Started transferring output files
...
040 (5425129.007.000) 2026-06-24 14:13:20 Started transferring output files
...
040 (5425129.003.000) 2026-06-24 14:13:20 Started transferring output files
...
040 (5425129.006.000) 2026-06-24 14:13:20 Started transferring output files
...
040 (5425129.009.000) 2026-06-24 14:15:22 Finished transferring output files
...
040 (5425129.000.000) 2026-06-24 14:16:32 Finished transferring output files
...
040 (5425129.001.000) 2026-06-24 14:16:32 Finished transferring output files
...
040 (5425129.002.000) 2026-06-24 14:16:33 Finished transferring output files
...
040 (5425129.005.000) 2026-06-24 14:16:59 Finished transferring output files
...
040 (5425129.007.000) 2026-06-24 14:16:59 Finished transferring output files
...
040 (5425129.003.000) 2026-06-24 14:16:59 Finished transferring output files
...
040 (5425129.006.000) 2026-06-24 14:16:59 Finished transferring output files
...
040 (5425129.004.000) 2026-06-24 14:17:00 Finished transferring output files
...
040 (5425129.008.000) 2026-06-24 14:17:06 Finished transferring output files
...
005 (5425129.000.000) 2026-06-24 14:17:49 Job terminated.
	(1) Normal termination (return value 0)
		Usr 0 00:00:00, Sys 0 00:00:00  -  Run Remote Usage
		Usr 0 00:00:00, Sys 0 00:00:00  -  Run Local Usage
		Usr 0 00:00:00, Sys 0 00:00:00  -  Total Remote Usage
		Usr 0 00:00:00, Sys 0 00:00:00  -  Total Local Usage
	193  -  Run Bytes Sent By Job
	2018  -  Run Bytes Received By Job
	193  -  Total Bytes Sent By Job
	2018  -  Total Bytes Received By Job
	Partitionable Resources :    Usage  Request Allocated 
	   Cpus                 :        0        1         1 
	   Disk (KB)            :       32   102400    102400 
	   GPUs                 :                           0 
	   IoHeavy              :                           0 
	   Memory (MB)          :        0      512       512 
	   TimeExecute (s)      :       24                    
	   TimeSlotBusy (s)     :      270                    
...
005 (5425129.001.000) 2026-06-24 14:17:52 Job terminated.
	(1) Normal termination (return value 0)
		Usr 0 00:00:00, Sys 0 00:00:00  -  Run Remote Usage
		Usr 0 00:00:00, Sys 0 00:00:00  -  Run Local Usage
		Usr 0 00:00:00, Sys 0 00:00:00  -  Total Remote Usage
		Usr 0 00:00:00, Sys 0 00:00:00  -  Total Local Usage
	193  -  Run Bytes Sent By Job
	2018  -  Run Bytes Received By Job
	193  -  Total Bytes Sent By Job
	2018  -  Total Bytes Received By Job
	Partitionable Resources :    Usage  Request Allocated 
	   Cpus                 :                 1         1 
	   Disk (KB)            :       33   102400    102400 
	   GPUs                 :                           0 
	   IoHeavy              :                           0 
	   Memory (MB)          :        0      512       512 
	   TimeExecute (s)      :       26                    
	   TimeSlotBusy (s)     :      268                    
...
005 (5425129.002.000) 2026-06-24 14:17:52 Job terminated.
	(1) Normal termination (return value 0)
		Usr 0 00:00:00, Sys 0 00:00:00  -  Run Remote Usage
		Usr 0 00:00:00, Sys 0 00:00:00  -  Run Local Usage
		Usr 0 00:00:00, Sys 0 00:00:00  -  Total Remote Usage
		Usr 0 00:00:00, Sys 0 00:00:00  -  Total Local Usage
	193  -  Run Bytes Sent By Job
	2018  -  Run Bytes Received By Job
	193  -  Total Bytes Sent By Job
	2018  -  Total Bytes Received By Job
	Partitionable Resources :    Usage  Request Allocated 
	   Cpus                 :                 1         1 
	   Disk (KB)            :       33   102400    102400 
	   GPUs                 :                           0 
	   IoHeavy              :                           0 
	   Memory (MB)          :        0      512       512 
	   TimeExecute (s)      :       27                    
	   TimeSlotBusy (s)     :      270                    
...
005 (5425129.005.000) 2026-06-24 14:18:19 Job terminated.
	(1) Normal termination (return value 0)
		Usr 0 00:00:00, Sys 0 00:00:00  -  Run Remote Usage
		Usr 0 00:00:00, Sys 0 00:00:00  -  Run Local Usage
		Usr 0 00:00:00, Sys 0 00:00:00  -  Total Remote Usage
		Usr 0 00:00:00, Sys 0 00:00:00  -  Total Local Usage
	193  -  Run Bytes Sent By Job
	2018  -  Run Bytes Received By Job
	193  -  Total Bytes Sent By Job
	2018  -  Total Bytes Received By Job
	Partitionable Resources :    Usage  Request Allocated 
	   Cpus                 :     0.00        1         1 
	   Disk (KB)            :    31      102400    102400 
	   GPUs                 :                           0 
	   IoHeavy              :                           0 
	   Memory (MB)          :     0         512       512 
	   TimeExecute (s)      :    52                       
	   TimeSlotBusy (s)     :   344                       
...
005 (5425129.007.000) 2026-06-24 14:18:19 Job terminated.
	(1) Normal termination (return value 0)
		Usr 0 00:00:00, Sys 0 00:00:00  -  Run Remote Usage
		Usr 0 00:00:00, Sys 0 00:00:00  -  Run Local Usage
		Usr 0 00:00:00, Sys 0 00:00:00  -  Total Remote Usage
		Usr 0 00:00:00, Sys 0 00:00:00  -  Total Local Usage
	193  -  Run Bytes Sent By Job
	2018  -  Run Bytes Received By Job
	193  -  Total Bytes Sent By Job
	2018  -  Total Bytes Received By Job
	Partitionable Resources :    Usage  Request Allocated 
	   Cpus                 :        0        1         1 
	   Disk (KB)            :       33   102400    102400 
	   GPUs                 :                           0 
	   IoHeavy              :                           0 
	   Memory (MB)          :        0      512       512 
	   TimeExecute (s)      :       52                    
	   TimeSlotBusy (s)     :      344                    
...
005 (5425129.003.000) 2026-06-24 14:18:19 Job terminated.
	(1) Normal termination (return value 0)
		Usr 0 00:00:00, Sys 0 00:00:00  -  Run Remote Usage
		Usr 0 00:00:00, Sys 0 00:00:00  -  Run Local Usage
		Usr 0 00:00:00, Sys 0 00:00:00  -  Total Remote Usage
		Usr 0 00:00:00, Sys 0 00:00:00  -  Total Local Usage
	193  -  Run Bytes Sent By Job
	2018  -  Run Bytes Received By Job
	193  -  Total Bytes Sent By Job
	2018  -  Total Bytes Received By Job
	Partitionable Resources :    Usage  Request Allocated 
	   Cpus                 :        0        1         1 
	   Disk (KB)            :       32   102400    102400 
	   GPUs                 :                           0 
	   IoHeavy              :                           0 
	   Memory (MB)          :        0      512       512 
	   TimeExecute (s)      :       53                    
	   TimeSlotBusy (s)     :      346                    
...
005 (5425129.006.000) 2026-06-24 14:18:19 Job terminated.
	(1) Normal termination (return value 0)
		Usr 0 00:00:00, Sys 0 00:00:00  -  Run Remote Usage
		Usr 0 00:00:00, Sys 0 00:00:00  -  Run Local Usage
		Usr 0 00:00:00, Sys 0 00:00:00  -  Total Remote Usage
		Usr 0 00:00:00, Sys 0 00:00:00  -  Total Local Usage
	193  -  Run Bytes Sent By Job
	2018  -  Run Bytes Received By Job
	193  -  Total Bytes Sent By Job
	2018  -  Total Bytes Received By Job
	Partitionable Resources :    Usage  Request Allocated 
	   Cpus                 :        0        1         1 
	   Disk (KB)            :       31   102400    102400 
	   GPUs                 :                           0 
	   IoHeavy              :                           0 
	   Memory (MB)          :        0      512       512 
	   TimeExecute (s)      :       54                    
	   TimeSlotBusy (s)     :      346                    
...
005 (5425129.004.000) 2026-06-24 14:18:20 Job terminated.
	(1) Normal termination (return value 0)
		Usr 0 00:00:00, Sys 0 00:00:00  -  Run Remote Usage
		Usr 0 00:00:00, Sys 0 00:00:00  -  Run Local Usage
		Usr 0 00:00:00, Sys 0 00:00:00  -  Total Remote Usage
		Usr 0 00:00:00, Sys 0 00:00:00  -  Total Local Usage
	193  -  Run Bytes Sent By Job
	2018  -  Run Bytes Received By Job
	193  -  Total Bytes Sent By Job
	2018  -  Total Bytes Received By Job
	Partitionable Resources :    Usage  Request Allocated 
	   Cpus                 :        0        1         1 
	   Disk (KB)            :       33   102400    102400 
	   GPUs                 :                           0 
	   IoHeavy              :                           0 
	   Memory (MB)          :        0      512       512 
	   TimeExecute (s)      :       52                    
	   TimeSlotBusy (s)     :      344                    
...
005 (5425129.008.000) 2026-06-24 14:19:22 Job terminated.
	(1) Normal termination (return value 0)
		Usr 0 00:00:00, Sys 0 00:00:00  -  Run Remote Usage
		Usr 0 00:00:00, Sys 0 00:00:00  -  Run Local Usage
		Usr 0 00:00:00, Sys 0 00:00:00  -  Total Remote Usage
		Usr 0 00:00:00, Sys 0 00:00:00  -  Total Local Usage
	192  -  Run Bytes Sent By Job
	2018  -  Run Bytes Received By Job
	192  -  Total Bytes Sent By Job
	2018  -  Total Bytes Received By Job
	Partitionable Resources :    Usage  Request Allocated 
	   Cpus                 :        0        1         1 
	   Disk (KB)            :       31   102400    102400 
	   GPUs                 :                           0 
	   IoHeavy              :                           0 
	   Memory (MB)          :        0      512       512 
	   TimeExecute (s)      :       53                    
	   TimeSlotBusy (s)     :      344                    
...
005 (5425129.009.000) 2026-06-24 14:19:23 Job terminated.
	(1) Normal termination (return value 0)
		Usr 0 00:00:00, Sys 0 00:00:00  -  Run Remote Usage
		Usr 0 00:00:00, Sys 0 00:00:00  -  Run Local Usage
		Usr 0 00:00:00, Sys 0 00:00:00  -  Total Remote Usage
		Usr 0 00:00:00, Sys 0 00:00:00  -  Total Local Usage
	193  -  Run Bytes Sent By Job
	2018  -  Run Bytes Received By Job
	193  -  Total Bytes Sent By Job
	2018  -  Total Bytes Received By Job
	Partitionable Resources :    Usage  Request Allocated 
	   Cpus                 :        0        1         1 
	   Disk (KB)            :       31   102400    102400 
	   GPUs                 :                           0 
	   IoHeavy              :                           0 
	   Memory (MB)          :        0      512       512 
	   TimeExecute (s)      :       54                    
	   TimeSlotBusy (s)     :      525                    
...
