000 (5424858.000.000) 2026-06-24 14:04:06 Job submitted from host: <128.105.68.113:9618?addrs=128.105.68.113-9618+[2607-f388-2200-100-eaeb-d3ff-fea7-d05e]-9618&alias=ap2002.chtc.wisc.edu&noUDP&sock=schedd_7841_da2f>
...
000 (5424858.001.000) 2026-06-24 14:04:06 Job submitted from host: <128.105.68.113:9618?addrs=128.105.68.113-9618+[2607-f388-2200-100-eaeb-d3ff-fea7-d05e]-9618&alias=ap2002.chtc.wisc.edu&noUDP&sock=schedd_7841_da2f>
...
000 (5424858.002.000) 2026-06-24 14:04:06 Job submitted from host: <128.105.68.113:9618?addrs=128.105.68.113-9618+[2607-f388-2200-100-eaeb-d3ff-fea7-d05e]-9618&alias=ap2002.chtc.wisc.edu&noUDP&sock=schedd_7841_da2f>
...
000 (5424858.003.000) 2026-06-24 14:04:06 Job submitted from host: <128.105.68.113:9618?addrs=128.105.68.113-9618+[2607-f388-2200-100-eaeb-d3ff-fea7-d05e]-9618&alias=ap2002.chtc.wisc.edu&noUDP&sock=schedd_7841_da2f>
...
000 (5424858.004.000) 2026-06-24 14:04:06 Job submitted from host: <128.105.68.113:9618?addrs=128.105.68.113-9618+[2607-f388-2200-100-eaeb-d3ff-fea7-d05e]-9618&alias=ap2002.chtc.wisc.edu&noUDP&sock=schedd_7841_da2f>
...
000 (5424858.005.000) 2026-06-24 14:04:06 Job submitted from host: <128.105.68.113:9618?addrs=128.105.68.113-9618+[2607-f388-2200-100-eaeb-d3ff-fea7-d05e]-9618&alias=ap2002.chtc.wisc.edu&noUDP&sock=schedd_7841_da2f>
...
000 (5424858.006.000) 2026-06-24 14:04:06 Job submitted from host: <128.105.68.113:9618?addrs=128.105.68.113-9618+[2607-f388-2200-100-eaeb-d3ff-fea7-d05e]-9618&alias=ap2002.chtc.wisc.edu&noUDP&sock=schedd_7841_da2f>
...
000 (5424858.007.000) 2026-06-24 14:04:06 Job submitted from host: <128.105.68.113:9618?addrs=128.105.68.113-9618+[2607-f388-2200-100-eaeb-d3ff-fea7-d05e]-9618&alias=ap2002.chtc.wisc.edu&noUDP&sock=schedd_7841_da2f>
...
000 (5424858.008.000) 2026-06-24 14:04:06 Job submitted from host: <128.105.68.113:9618?addrs=128.105.68.113-9618+[2607-f388-2200-100-eaeb-d3ff-fea7-d05e]-9618&alias=ap2002.chtc.wisc.edu&noUDP&sock=schedd_7841_da2f>
...
000 (5424858.009.000) 2026-06-24 14:04:06 Job submitted from host: <128.105.68.113:9618?addrs=128.105.68.113-9618+[2607-f388-2200-100-eaeb-d3ff-fea7-d05e]-9618&alias=ap2002.chtc.wisc.edu&noUDP&sock=schedd_7841_da2f>
...
040 (5424858.001.000) 2026-06-24 14:04:24 Started transferring input files
	Transferring to host: <128.105.68.36:9618?addrs=128.105.68.36-9618+[2607-f388-2200-100-3680-dff-fe2e-7f70]-9618&alias=e2466.chtc.wisc.edu&noUDP&sock=slot1_69_2069226_a869_150209>
...
040 (5424858.002.000) 2026-06-24 14:04:24 Started transferring input files
	Transferring to host: <128.105.68.42:9618?addrs=128.105.68.42-9618+[2607-f388-2200-100-3680-dff-fe2e-87b0]-9618&alias=e2472.chtc.wisc.edu&noUDP&sock=slot1_35_4161719_45ac_138311>
...
040 (5424858.001.000) 2026-06-24 14:04:24 Finished transferring input files
...
040 (5424858.002.000) 2026-06-24 14:04:24 Finished transferring input files
...
001 (5424858.001.000) 2026-06-24 14:04:25 Job executing on host: <128.105.68.36:9618?addrs=128.105.68.36-9618+[2607-f388-2200-100-3680-dff-fe2e-7f70]-9618&alias=e2466.chtc.wisc.edu&noUDP&sock=startd_12169_8013>
	SlotName: slot1_69@e2466.chtc.wisc.edu
	CondorScratchDir = "/var/lib/condor/execute/slot1/dir_2930463/scratch"
	Cpus = 1
	Disk = 102400
	GPUs = 0
	IoHeavy = 0
	Memory = 512
...
001 (5424858.002.000) 2026-06-24 14:04:25 Job executing on host: <128.105.68.42:9618?addrs=128.105.68.42-9618+[2607-f388-2200-100-3680-dff-fe2e-87b0]-9618&alias=e2472.chtc.wisc.edu&noUDP&sock=startd_12127_b119>
	SlotName: slot1_35@e2472.chtc.wisc.edu
	CondorScratchDir = "/var/lib/condor/execute/slot1/dir_2968337/scratch"
	Cpus = 1
	Disk = 102400
	GPUs = 0
	IoHeavy = 0
	Memory = 512
...
040 (5424858.004.000) 2026-06-24 14:04:25 Started transferring input files
	Transferring to host: <128.105.68.40:9618?addrs=128.105.68.40-9618+[2607-f388-2200-100-3680-dff-fe2e-8810]-9618&alias=e2470.chtc.wisc.edu&noUDP&sock=slot1_79_4110444_6567_157024>
...
040 (5424858.003.000) 2026-06-24 14:04:25 Started transferring input files
	Transferring to host: <128.105.68.47:9618?addrs=128.105.68.47-9618+[2607-f388-2200-100-3680-dff-fe2e-8858]-9618&alias=e2477.chtc.wisc.edu&noUDP&sock=slot1_65_233893_8700_158306>
...
040 (5424858.004.000) 2026-06-24 14:04:25 Finished transferring input files
...
006 (5424858.002.000) 2026-06-24 14:04:25 Image size of job updated: 1500
	0  -  MemoryUsage of job (MB)
	0  -  ResidentSetSize of job (KB)
...
040 (5424858.003.000) 2026-06-24 14:04:25 Finished transferring input files
...
006 (5424858.001.000) 2026-06-24 14:04:25 Image size of job updated: 1500
	0  -  MemoryUsage of job (MB)
	0  -  ResidentSetSize of job (KB)
...
040 (5424858.002.000) 2026-06-24 14:04:25 Started transferring output files
...
040 (5424858.005.000) 2026-06-24 14:04:25 Started transferring input files
	Transferring to host: <128.105.68.41:9618?addrs=128.105.68.41-9618+[2607-f388-2200-100-3680-dff-fe2e-8480]-9618&alias=e2471.chtc.wisc.edu&noUDP&sock=slot1_64_884176_ba6c_142895>
...
040 (5424858.001.000) 2026-06-24 14:04:25 Started transferring output files
...
040 (5424858.005.000) 2026-06-24 14:04:25 Finished transferring input files
...
040 (5424858.007.000) 2026-06-24 14:04:25 Started transferring input files
	Transferring to host: <128.105.68.40:9618?addrs=128.105.68.40-9618+[2607-f388-2200-100-3680-dff-fe2e-8810]-9618&alias=e2470.chtc.wisc.edu&noUDP&sock=slot1_80_4110444_6567_157025>
...
040 (5424858.008.000) 2026-06-24 14:04:25 Started transferring input files
	Transferring to host: <128.105.68.47:9618?addrs=128.105.68.47-9618+[2607-f388-2200-100-3680-dff-fe2e-8858]-9618&alias=e2477.chtc.wisc.edu&noUDP&sock=slot1_70_233893_8700_158308>
...
040 (5424858.006.000) 2026-06-24 14:04:25 Started transferring input files
	Transferring to host: <128.105.68.47:9618?addrs=128.105.68.47-9618+[2607-f388-2200-100-3680-dff-fe2e-8858]-9618&alias=e2477.chtc.wisc.edu&noUDP&sock=slot1_66_233893_8700_158307>
...
040 (5424858.007.000) 2026-06-24 14:04:25 Finished transferring input files
...
001 (5424858.005.000) 2026-06-24 14:04:25 Job executing on host: <128.105.68.41:9618?addrs=128.105.68.41-9618+[2607-f388-2200-100-3680-dff-fe2e-8480]-9618&alias=e2471.chtc.wisc.edu&noUDP&sock=startd_12135_2ddb>
	SlotName: slot1_64@e2471.chtc.wisc.edu
	CondorScratchDir = "/var/lib/condor/execute/slot1/dir_2851284/scratch"
	Cpus = 1
	Disk = 102400
	GPUs = 0
	IoHeavy = 0
	Memory = 512
...
040 (5424858.002.000) 2026-06-24 14:04:25 Finished transferring output files
...
006 (5424858.005.000) 2026-06-24 14:04:25 Image size of job updated: 1500
	0  -  MemoryUsage of job (MB)
	0  -  ResidentSetSize of job (KB)
...
001 (5424858.003.000) 2026-06-24 14:04:25 Job executing on host: <128.105.68.47:9618?addrs=128.105.68.47-9618+[2607-f388-2200-100-3680-dff-fe2e-8858]-9618&alias=e2477.chtc.wisc.edu&noUDP&sock=startd_12123_f2b8>
	SlotName: slot1_65@e2477.chtc.wisc.edu
	CondorScratchDir = "/var/lib/condor/execute/slot1/dir_1445624/scratch"
	Cpus = 1
	Disk = 102400
	GPUs = 0
	IoHeavy = 0
	Memory = 512
...
040 (5424858.008.000) 2026-06-24 14:04:25 Finished transferring input files
...
040 (5424858.006.000) 2026-06-24 14:04:25 Finished transferring input files
...
001 (5424858.004.000) 2026-06-24 14:04:25 Job executing on host: <128.105.68.40:9618?addrs=128.105.68.40-9618+[2607-f388-2200-100-3680-dff-fe2e-8810]-9618&alias=e2470.chtc.wisc.edu&noUDP&sock=startd_12142_fb05>
	SlotName: slot1_79@e2470.chtc.wisc.edu
	CondorScratchDir = "/var/lib/condor/execute/slot1/dir_1004475/scratch"
	Cpus = 1
	Disk = 102400
	GPUs = 0
	IoHeavy = 0
	Memory = 512
...
040 (5424858.000.000) 2026-06-24 14:04:25 Started transferring input files
	Transferring to host: <128.105.69.126:9618?addrs=128.105.69.126-9618+[2607-f388-2200-100-1270-fdff-fe56-ca5c]-9618&alias=e4075.chtc.wisc.edu&noUDP&sock=slot1_75_1288759_0d50_180526>
...
040 (5424858.001.000) 2026-06-24 14:04:25 Finished transferring output files
...
040 (5424858.005.000) 2026-06-24 14:04:25 Started transferring output files
...
001 (5424858.007.000) 2026-06-24 14:04:25 Job executing on host: <128.105.68.40:9618?addrs=128.105.68.40-9618+[2607-f388-2200-100-3680-dff-fe2e-8810]-9618&alias=e2470.chtc.wisc.edu&noUDP&sock=startd_12142_fb05>
	SlotName: slot1_80@e2470.chtc.wisc.edu
	CondorScratchDir = "/var/lib/condor/execute/slot1/dir_1004477/scratch"
	Cpus = 1
	Disk = 102400
	GPUs = 0
	IoHeavy = 0
	Memory = 512
...
040 (5424858.000.000) 2026-06-24 14:04:25 Finished transferring input files
...
005 (5424858.002.000) 2026-06-24 14:04:25 Job terminated.
	(1) Normal termination (return value 0)
		Usr 0 00:00:00, Sys 0 00:00:00  -  Run Remote Usage
		Usr 0 00:00:00, Sys 0 00:00:00  -  Run Local Usage
		Usr 0 00:00:00, Sys 0 00:00:00  -  Total Remote Usage
		Usr 0 00:00:00, Sys 0 00:00:00  -  Total Local Usage
	193  -  Run Bytes Sent By Job
	2018  -  Run Bytes Received By Job
	193  -  Total Bytes Sent By Job
	2018  -  Total Bytes Received By Job
	Partitionable Resources :    Usage  Request Allocated 
	   Cpus                 :        0        1         1 
	   Disk (KB)            :       31   102400    102400 
	   GPUs                 :                           0 
	   IoHeavy              :                           0 
	   Memory (MB)          :        0      512       512 
	   TimeExecute (s)      :        1                    
	   TimeSlotBusy (s)     :        1                    
...
006 (5424858.003.000) 2026-06-24 14:04:25 Image size of job updated: 1500
	0  -  MemoryUsage of job (MB)
	0  -  ResidentSetSize of job (KB)
...
006 (5424858.004.000) 2026-06-24 14:04:25 Image size of job updated: 1500
	0  -  MemoryUsage of job (MB)
	0  -  ResidentSetSize of job (KB)
...
006 (5424858.007.000) 2026-06-24 14:04:25 Image size of job updated: 1532
	0  -  MemoryUsage of job (MB)
	0  -  ResidentSetSize of job (KB)
...
001 (5424858.000.000) 2026-06-24 14:04:26 Job executing on host: <128.105.69.126:9618?addrs=128.105.69.126-9618+[2607-f388-2200-100-1270-fdff-fe56-ca5c]-9618&alias=e4075.chtc.wisc.edu&noUDP&sock=startd_14685_445c>
	SlotName: slot1_75@e4075.chtc.wisc.edu
	CondorScratchDir = "/var/lib/condor/execute/slot1/dir_1504336/scratch"
	Cpus = 1
	Disk = 102400
	GPUs = 0
	IoHeavy = 0
	Memory = 512
...
040 (5424858.003.000) 2026-06-24 14:04:26 Started transferring output files
...
006 (5424858.000.000) 2026-06-24 14:04:26 Image size of job updated: 1500
	0  -  MemoryUsage of job (MB)
	0  -  ResidentSetSize of job (KB)
...
040 (5424858.004.000) 2026-06-24 14:04:26 Started transferring output files
...
005 (5424858.001.000) 2026-06-24 14:04:26 Job terminated.
	(1) Normal termination (return value 0)
		Usr 0 00:00:00, Sys 0 00:00:00  -  Run Remote Usage
		Usr 0 00:00:00, Sys 0 00:00:00  -  Run Local Usage
		Usr 0 00:00:00, Sys 0 00:00:00  -  Total Remote Usage
		Usr 0 00:00:00, Sys 0 00:00:00  -  Total Local Usage
	193  -  Run Bytes Sent By Job
	2018  -  Run Bytes Received By Job
	193  -  Total Bytes Sent By Job
	2018  -  Total Bytes Received By Job
	Partitionable Resources :    Usage  Request Allocated 
	   Cpus                 :        0        1         1 
	   Disk (KB)            :       31   102400    102400 
	   GPUs                 :                           0 
	   IoHeavy              :                           0 
	   Memory (MB)          :        0      512       512 
	   TimeExecute (s)      :        1                    
	   TimeSlotBusy (s)     :        1                    
...
040 (5424858.000.000) 2026-06-24 14:04:26 Started transferring output files
...
040 (5424858.007.000) 2026-06-24 14:04:26 Started transferring output files
...
040 (5424858.009.000) 2026-06-24 14:04:26 Started transferring input files
	Transferring to host: <128.105.69.138:9618?addrs=128.105.69.138-9618+[2607-f388-2200-100-1270-fdff-fe56-ca54]-9618&alias=e4015.chtc.wisc.edu&noUDP&sock=slot1_50_722751_3668_176751>
...
040 (5424858.005.000) 2026-06-24 14:04:26 Finished transferring output files
...
040 (5424858.009.000) 2026-06-24 14:04:27 Finished transferring input files
...
005 (5424858.005.000) 2026-06-24 14:04:27 Job terminated.
	(1) Normal termination (return value 0)
		Usr 0 00:00:00, Sys 0 00:00:00  -  Run Remote Usage
		Usr 0 00:00:00, Sys 0 00:00:00  -  Run Local Usage
		Usr 0 00:00:00, Sys 0 00:00:00  -  Total Remote Usage
		Usr 0 00:00:00, Sys 0 00:00:00  -  Total Local Usage
	191  -  Run Bytes Sent By Job
	2018  -  Run Bytes Received By Job
	191  -  Total Bytes Sent By Job
	2018  -  Total Bytes Received By Job
	Partitionable Resources :    Usage  Request Allocated 
	   Cpus                 :                 1         1 
	   Disk (KB)            :       21   102400    102400 
	   GPUs                 :                           0 
	   IoHeavy              :                           0 
	   Memory (MB)          :        0      512       512 
	   TimeExecute (s)      :        0                    
	   TimeSlotBusy (s)     :        2                    
...
040 (5424858.003.000) 2026-06-24 14:04:27 Finished transferring output files
...
001 (5424858.009.000) 2026-06-24 14:04:27 Job executing on host: <128.105.69.138:9618?addrs=128.105.69.138-9618+[2607-f388-2200-100-1270-fdff-fe56-ca54]-9618&alias=e4015.chtc.wisc.edu&noUDP&sock=startd_14968_61a9>
	SlotName: slot1_50@e4015.chtc.wisc.edu
	CondorScratchDir = "/var/lib/condor/execute/slot1/dir_2031085/scratch"
	Cpus = 1
	Disk = 102400
	GPUs = 0
	IoHeavy = 0
	Memory = 512
...
040 (5424858.004.000) 2026-06-24 14:04:27 Finished transferring output files
...
040 (5424858.000.000) 2026-06-24 14:04:28 Finished transferring output files
...
040 (5424858.007.000) 2026-06-24 14:04:28 Finished transferring output files
...
006 (5424858.009.000) 2026-06-24 14:04:28 Image size of job updated: 1500
	0  -  MemoryUsage of job (MB)
	0  -  ResidentSetSize of job (KB)
...
040 (5424858.009.000) 2026-06-24 14:04:28 Started transferring output files
...
040 (5424858.009.000) 2026-06-24 14:04:28 Finished transferring output files
...
001 (5424858.008.000) 2026-06-24 14:04:28 Job executing on host: <128.105.68.47:9618?addrs=128.105.68.47-9618+[2607-f388-2200-100-3680-dff-fe2e-8858]-9618&alias=e2477.chtc.wisc.edu&noUDP&sock=startd_12123_f2b8>
	SlotName: slot1_70@e2477.chtc.wisc.edu
	CondorScratchDir = "/var/lib/condor/execute/slot1/dir_1445628/scratch"
	Cpus = 1
	Disk = 102400
	GPUs = 0
	IoHeavy = 0
	Memory = 512
...
001 (5424858.006.000) 2026-06-24 14:04:28 Job executing on host: <128.105.68.47:9618?addrs=128.105.68.47-9618+[2607-f388-2200-100-3680-dff-fe2e-8858]-9618&alias=e2477.chtc.wisc.edu&noUDP&sock=startd_12123_f2b8>
	SlotName: slot1_66@e2477.chtc.wisc.edu
	CondorScratchDir = "/var/lib/condor/execute/slot1/dir_1445626/scratch"
	Cpus = 1
	Disk = 102400
	GPUs = 0
	IoHeavy = 0
	Memory = 512
...
006 (5424858.006.000) 2026-06-24 14:04:28 Image size of job updated: 1500
	0  -  MemoryUsage of job (MB)
	0  -  ResidentSetSize of job (KB)
...
006 (5424858.008.000) 2026-06-24 14:04:28 Image size of job updated: 1500
	0  -  MemoryUsage of job (MB)
	0  -  ResidentSetSize of job (KB)
...
040 (5424858.008.000) 2026-06-24 14:04:28 Started transferring output files
...
040 (5424858.006.000) 2026-06-24 14:04:28 Started transferring output files
...
040 (5424858.006.000) 2026-06-24 14:04:28 Finished transferring output files
...
005 (5424858.004.000) 2026-06-24 14:04:28 Job terminated.
	(1) Normal termination (return value 0)
		Usr 0 00:00:00, Sys 0 00:00:00  -  Run Remote Usage
		Usr 0 00:00:00, Sys 0 00:00:00  -  Run Local Usage
		Usr 0 00:00:00, Sys 0 00:00:00  -  Total Remote Usage
		Usr 0 00:00:00, Sys 0 00:00:00  -  Total Local Usage
	193  -  Run Bytes Sent By Job
	2018  -  Run Bytes Received By Job
	193  -  Total Bytes Sent By Job
	2018  -  Total Bytes Received By Job
	Partitionable Resources :    Usage  Request Allocated 
	   Cpus                 :                 1         1 
	   Disk (KB)            :       21   102400    102400 
	   GPUs                 :                           0 
	   IoHeavy              :                           0 
	   Memory (MB)          :        0      512       512 
	   TimeExecute (s)      :        0                    
	   TimeSlotBusy (s)     :        3                    
...
005 (5424858.000.000) 2026-06-24 14:04:28 Job terminated.
	(1) Normal termination (return value 0)
		Usr 0 00:00:00, Sys 0 00:00:00  -  Run Remote Usage
		Usr 0 00:00:00, Sys 0 00:00:00  -  Run Local Usage
		Usr 0 00:00:00, Sys 0 00:00:00  -  Total Remote Usage
		Usr 0 00:00:00, Sys 0 00:00:00  -  Total Local Usage
	193  -  Run Bytes Sent By Job
	2018  -  Run Bytes Received By Job
	193  -  Total Bytes Sent By Job
	2018  -  Total Bytes Received By Job
	Partitionable Resources :    Usage  Request Allocated 
	   Cpus                 :                 1         1 
	   Disk (KB)            :       33   102400    102400 
	   GPUs                 :                           0 
	   IoHeavy              :                           0 
	   Memory (MB)          :        0      512       512 
	   TimeExecute (s)      :        1                    
	   TimeSlotBusy (s)     :        3                    
...
040 (5424858.008.000) 2026-06-24 14:04:28 Finished transferring output files
...
005 (5424858.003.000) 2026-06-24 14:04:29 Job terminated.
	(1) Normal termination (return value 0)
		Usr 0 00:00:00, Sys 0 00:00:00  -  Run Remote Usage
		Usr 0 00:00:00, Sys 0 00:00:00  -  Run Local Usage
		Usr 0 00:00:00, Sys 0 00:00:00  -  Total Remote Usage
		Usr 0 00:00:00, Sys 0 00:00:00  -  Total Local Usage
	192  -  Run Bytes Sent By Job
	2018  -  Run Bytes Received By Job
	192  -  Total Bytes Sent By Job
	2018  -  Total Bytes Received By Job
	Partitionable Resources :    Usage  Request Allocated 
	   Cpus                 :                 1         1 
	   Disk (KB)            :       21   102400    102400 
	   GPUs                 :                           0 
	   IoHeavy              :                           0 
	   Memory (MB)          :        0      512       512 
	   TimeExecute (s)      :        0                    
	   TimeSlotBusy (s)     :        2                    
...
005 (5424858.007.000) 2026-06-24 14:04:29 Job terminated.
	(1) Normal termination (return value 0)
		Usr 0 00:00:00, Sys 0 00:00:00  -  Run Remote Usage
		Usr 0 00:00:00, Sys 0 00:00:00  -  Run Local Usage
		Usr 0 00:00:00, Sys 0 00:00:00  -  Total Remote Usage
		Usr 0 00:00:00, Sys 0 00:00:00  -  Total Local Usage
	191  -  Run Bytes Sent By Job
	2018  -  Run Bytes Received By Job
	191  -  Total Bytes Sent By Job
	2018  -  Total Bytes Received By Job
	Partitionable Resources :    Usage  Request Allocated 
	   Cpus                 :                 1         1 
	   Disk (KB)            :       21   102400    102400 
	   GPUs                 :                           0 
	   IoHeavy              :                           0 
	   Memory (MB)          :        0      512       512 
	   TimeExecute (s)      :        0                    
	   TimeSlotBusy (s)     :        2                    
...
005 (5424858.006.000) 2026-06-24 14:04:29 Job terminated.
	(1) Normal termination (return value 0)
		Usr 0 00:00:00, Sys 0 00:00:00  -  Run Remote Usage
		Usr 0 00:00:00, Sys 0 00:00:00  -  Run Local Usage
		Usr 0 00:00:00, Sys 0 00:00:00  -  Total Remote Usage
		Usr 0 00:00:00, Sys 0 00:00:00  -  Total Local Usage
	193  -  Run Bytes Sent By Job
	2018  -  Run Bytes Received By Job
	193  -  Total Bytes Sent By Job
	2018  -  Total Bytes Received By Job
	Partitionable Resources :    Usage  Request Allocated 
	   Cpus                 :                 1         1 
	   Disk (KB)            :       21   102400    102400 
	   GPUs                 :                           0 
	   IoHeavy              :                           0 
	   Memory (MB)          :        0      512       512 
	   TimeExecute (s)      :        0                    
	   TimeSlotBusy (s)     :        3                    
...
005 (5424858.009.000) 2026-06-24 14:04:29 Job terminated.
	(1) Normal termination (return value 0)
		Usr 0 00:00:00, Sys 0 00:00:00  -  Run Remote Usage
		Usr 0 00:00:00, Sys 0 00:00:00  -  Run Local Usage
		Usr 0 00:00:00, Sys 0 00:00:00  -  Total Remote Usage
		Usr 0 00:00:00, Sys 0 00:00:00  -  Total Local Usage
	193  -  Run Bytes Sent By Job
	2018  -  Run Bytes Received By Job
	193  -  Total Bytes Sent By Job
	2018  -  Total Bytes Received By Job
	Partitionable Resources :    Usage  Request Allocated 
	   Cpus                 :                 1         1 
	   Disk (KB)            :       33   102400    102400 
	   GPUs                 :                           0 
	   IoHeavy              :                           0 
	   Memory (MB)          :        0      512       512 
	   TimeExecute (s)      :        1                    
	   TimeSlotBusy (s)     :        3                    
...
005 (5424858.008.000) 2026-06-24 14:04:29 Job terminated.
	(1) Normal termination (return value 0)
		Usr 0 00:00:00, Sys 0 00:00:00  -  Run Remote Usage
		Usr 0 00:00:00, Sys 0 00:00:00  -  Run Local Usage
		Usr 0 00:00:00, Sys 0 00:00:00  -  Total Remote Usage
		Usr 0 00:00:00, Sys 0 00:00:00  -  Total Local Usage
	191  -  Run Bytes Sent By Job
	2018  -  Run Bytes Received By Job
	191  -  Total Bytes Sent By Job
	2018  -  Total Bytes Received By Job
	Partitionable Resources :    Usage  Request Allocated 
	   Cpus                 :                 1         1 
	   Disk (KB)            :       21   102400    102400 
	   GPUs                 :                           0 
	   IoHeavy              :                           0 
	   Memory (MB)          :        0      512       512 
	   TimeExecute (s)      :        0                    
	   TimeSlotBusy (s)     :        3                    
...
