000 (5425131.000.000) 2026-06-24 14:08:19 Job submitted from host: <128.105.68.113:9618?addrs=128.105.68.113-9618+[2607-f388-2200-100-eaeb-d3ff-fea7-d05e]-9618&alias=ap2002.chtc.wisc.edu&noUDP&sock=schedd_7841_da2f>
...
000 (5425131.001.000) 2026-06-24 14:08:19 Job submitted from host: <128.105.68.113:9618?addrs=128.105.68.113-9618+[2607-f388-2200-100-eaeb-d3ff-fea7-d05e]-9618&alias=ap2002.chtc.wisc.edu&noUDP&sock=schedd_7841_da2f>
...
000 (5425131.002.000) 2026-06-24 14:08:19 Job submitted from host: <128.105.68.113:9618?addrs=128.105.68.113-9618+[2607-f388-2200-100-eaeb-d3ff-fea7-d05e]-9618&alias=ap2002.chtc.wisc.edu&noUDP&sock=schedd_7841_da2f>
...
000 (5425131.003.000) 2026-06-24 14:08:19 Job submitted from host: <128.105.68.113:9618?addrs=128.105.68.113-9618+[2607-f388-2200-100-eaeb-d3ff-fea7-d05e]-9618&alias=ap2002.chtc.wisc.edu&noUDP&sock=schedd_7841_da2f>
...
000 (5425131.004.000) 2026-06-24 14:08:19 Job submitted from host: <128.105.68.113:9618?addrs=128.105.68.113-9618+[2607-f388-2200-100-eaeb-d3ff-fea7-d05e]-9618&alias=ap2002.chtc.wisc.edu&noUDP&sock=schedd_7841_da2f>
...
000 (5425131.005.000) 2026-06-24 14:08:19 Job submitted from host: <128.105.68.113:9618?addrs=128.105.68.113-9618+[2607-f388-2200-100-eaeb-d3ff-fea7-d05e]-9618&alias=ap2002.chtc.wisc.edu&noUDP&sock=schedd_7841_da2f>
...
000 (5425131.006.000) 2026-06-24 14:08:19 Job submitted from host: <128.105.68.113:9618?addrs=128.105.68.113-9618+[2607-f388-2200-100-eaeb-d3ff-fea7-d05e]-9618&alias=ap2002.chtc.wisc.edu&noUDP&sock=schedd_7841_da2f>
...
000 (5425131.007.000) 2026-06-24 14:08:19 Job submitted from host: <128.105.68.113:9618?addrs=128.105.68.113-9618+[2607-f388-2200-100-eaeb-d3ff-fea7-d05e]-9618&alias=ap2002.chtc.wisc.edu&noUDP&sock=schedd_7841_da2f>
...
000 (5425131.008.000) 2026-06-24 14:08:19 Job submitted from host: <128.105.68.113:9618?addrs=128.105.68.113-9618+[2607-f388-2200-100-eaeb-d3ff-fea7-d05e]-9618&alias=ap2002.chtc.wisc.edu&noUDP&sock=schedd_7841_da2f>
...
000 (5425131.009.000) 2026-06-24 14:08:19 Job submitted from host: <128.105.68.113:9618?addrs=128.105.68.113-9618+[2607-f388-2200-100-eaeb-d3ff-fea7-d05e]-9618&alias=ap2002.chtc.wisc.edu&noUDP&sock=schedd_7841_da2f>
...
040 (5425131.001.000) 2026-06-24 14:10:11 Started transferring input files
	Transferring to host: <128.105.69.173:9618?addrs=128.105.69.173-9618+[2607-f388-2200-100-1270-fdff-fe56-6fbc]-9618&alias=e2556.chtc.wisc.edu&noUDP&sock=slot1_130_3563924_9d97_175992>
...
040 (5425131.002.000) 2026-06-24 14:10:13 Started transferring input files
	Transferring to host: <128.105.69.202:9618?addrs=128.105.69.202-9618+[2607-f388-2200-100-1270-fdff-fe56-c3c4]-9618&alias=e4033.chtc.wisc.edu&noUDP&sock=slot1_52_1175583_5256_181747>
...
040 (5425131.007.000) 2026-06-24 14:10:13 Started transferring input files
	Transferring to host: <128.105.69.210:9618?addrs=128.105.69.210-9618+[2607-f388-2200-100-eaeb-d3ff-fe40-88c]-9618&alias=e2593.chtc.wisc.edu&noUDP&sock=slot1_66_2094171_aac0_194816>
...
040 (5425131.004.000) 2026-06-24 14:10:13 Started transferring input files
	Transferring to host: <128.105.69.165:9618?addrs=128.105.69.165-9618+[2607-f388-2200-100-1270-fdff-fe56-7194]-9618&alias=e2548.chtc.wisc.edu&noUDP&sock=slot1_104_2757185_0251_196854>
...
040 (5425131.005.000) 2026-06-24 14:10:14 Started transferring input files
	Transferring to host: <128.105.69.203:9618?addrs=128.105.69.203-9618+[2607-f388-2200-100-1270-fdff-fe56-c37c]-9618&alias=e4034.chtc.wisc.edu&noUDP&sock=slot1_101_1173317_b83a_187233>
...
040 (5425131.000.000) 2026-06-24 14:10:14 Started transferring input files
	Transferring to host: <128.105.69.219:9618?addrs=128.105.69.219-9618+[2607-f388-2200-100-eaeb-d3ff-fe40-1d9c]-9618&alias=e2602.chtc.wisc.edu&noUDP&sock=slot1_30_3674871_d057_151005>
...
040 (5425131.009.000) 2026-06-24 14:10:14 Started transferring input files
	Transferring to host: <128.105.69.111:9618?addrs=128.105.69.111-9618+[2607-f388-2200-100-1270-fdff-fe56-cecc]-9618&alias=e4060.chtc.wisc.edu&noUDP&sock=slot1_18_195185_3d5a_176427>
...
040 (5425131.008.000) 2026-06-24 14:10:14 Started transferring input files
	Transferring to host: <128.105.69.162:9618?addrs=128.105.69.162-9618+[2607-f388-2200-100-1270-fdff-fe56-bd0c]-9618&alias=e4095.chtc.wisc.edu&noUDP&sock=slot1_66_2123396_52c4_179958>
...
040 (5425131.006.000) 2026-06-24 14:10:14 Started transferring input files
	Transferring to host: <128.105.69.144:9618?addrs=128.105.69.144-9618+[2607-f388-2200-100-1270-fdff-fe56-7714]-9618&alias=e4021.chtc.wisc.edu&noUDP&sock=slot1_37_4179291_55f7_174254>
...
040 (5425131.003.000) 2026-06-24 14:10:15 Started transferring input files
	Transferring to host: <128.105.69.91:9618?addrs=128.105.69.91-9618+[2607-f388-2200-100-1270-fdff-fe56-41c4]-9618&alias=e4002.chtc.wisc.edu&noUDP&sock=slot1_48_3583539_2855_177896>
...
040 (5425131.001.000) 2026-06-24 14:10:41 Finished transferring input files
...
040 (5425131.002.000) 2026-06-24 14:10:44 Finished transferring input files
...
040 (5425131.007.000) 2026-06-24 14:10:44 Finished transferring input files
...
040 (5425131.004.000) 2026-06-24 14:10:44 Finished transferring input files
...
040 (5425131.005.000) 2026-06-24 14:10:46 Finished transferring input files
...
040 (5425131.000.000) 2026-06-24 14:10:46 Finished transferring input files
...
040 (5425131.009.000) 2026-06-24 14:10:46 Finished transferring input files
...
040 (5425131.008.000) 2026-06-24 14:10:46 Finished transferring input files
...
040 (5425131.006.000) 2026-06-24 14:10:47 Finished transferring input files
...
040 (5425131.003.000) 2026-06-24 14:10:48 Finished transferring input files
...
001 (5425131.001.000) 2026-06-24 14:12:14 Job executing on host: <128.105.69.173:9618?addrs=128.105.69.173-9618+[2607-f388-2200-100-1270-fdff-fe56-6fbc]-9618&alias=e2556.chtc.wisc.edu&noUDP&sock=startd_15031_9820>
	SlotName: slot1_130@e2556.chtc.wisc.edu
	CondorScratchDir = "/var/lib/condor/execute/slot1/dir_1737699/scratch"
	Cpus = 1
	Disk = 102400
	GPUs = 0
	IoHeavy = 0
	Memory = 512
...
006 (5425131.001.000) 2026-06-24 14:12:14 Image size of job updated: 1500
	0  -  MemoryUsage of job (MB)
	0  -  ResidentSetSize of job (KB)
...
001 (5425131.002.000) 2026-06-24 14:12:26 Job executing on host: <128.105.69.202:9618?addrs=128.105.69.202-9618+[2607-f388-2200-100-1270-fdff-fe56-c3c4]-9618&alias=e4033.chtc.wisc.edu&noUDP&sock=startd_14710_6a3a>
	SlotName: slot1_52@e4033.chtc.wisc.edu
	CondorScratchDir = "/var/lib/condor/execute/slot1/dir_2726887/scratch"
	Cpus = 1
	Disk = 102400
	GPUs = 0
	IoHeavy = 0
	Memory = 512
...
006 (5425131.002.000) 2026-06-24 14:12:26 Image size of job updated: 1836
	0  -  MemoryUsage of job (MB)
	0  -  ResidentSetSize of job (KB)
...
001 (5425131.007.000) 2026-06-24 14:12:40 Job executing on host: <128.105.69.210:9618?addrs=128.105.69.210-9618+[2607-f388-2200-100-eaeb-d3ff-fe40-88c]-9618&alias=e2593.chtc.wisc.edu&noUDP&sock=startd_14950_08f5>
	SlotName: slot1_66@e2593.chtc.wisc.edu
	CondorScratchDir = "/var/lib/condor/execute/slot1/dir_4024920/scratch"
	Cpus = 1
	Disk = 102400
	GPUs = 0
	IoHeavy = 0
	Memory = 512
...
001 (5425131.004.000) 2026-06-24 14:12:40 Job executing on host: <128.105.69.165:9618?addrs=128.105.69.165-9618+[2607-f388-2200-100-1270-fdff-fe56-7194]-9618&alias=e2548.chtc.wisc.edu&noUDP&sock=startd_15061_2bf8>
	SlotName: slot1_104@e2548.chtc.wisc.edu
	CondorScratchDir = "/var/lib/condor/execute/slot1/dir_904768/scratch"
	Cpus = 1
	Disk = 102400
	GPUs = 0
	IoHeavy = 0
	Memory = 512
...
006 (5425131.007.000) 2026-06-24 14:12:40 Image size of job updated: 1500
	0  -  MemoryUsage of job (MB)
	0  -  ResidentSetSize of job (KB)
...
006 (5425131.004.000) 2026-06-24 14:12:40 Image size of job updated: 1500
	0  -  MemoryUsage of job (MB)
	0  -  ResidentSetSize of job (KB)
...
001 (5425131.005.000) 2026-06-24 14:12:47 Job executing on host: <128.105.69.203:9618?addrs=128.105.69.203-9618+[2607-f388-2200-100-1270-fdff-fe56-c37c]-9618&alias=e4034.chtc.wisc.edu&noUDP&sock=startd_14766_d387>
	SlotName: slot1_101@e4034.chtc.wisc.edu
	CondorScratchDir = "/var/lib/condor/execute/slot1/dir_1734071/scratch"
	Cpus = 1
	Disk = 102400
	GPUs = 0
	IoHeavy = 0
	Memory = 512
...
006 (5425131.005.000) 2026-06-24 14:12:47 Image size of job updated: 1524
	0  -  MemoryUsage of job (MB)
	0  -  ResidentSetSize of job (KB)
...
001 (5425131.000.000) 2026-06-24 14:12:48 Job executing on host: <128.105.69.219:9618?addrs=128.105.69.219-9618+[2607-f388-2200-100-eaeb-d3ff-fe40-1d9c]-9618&alias=e2602.chtc.wisc.edu&noUDP&sock=startd_14859_9dd6>
	SlotName: slot1_30@e2602.chtc.wisc.edu
	CondorScratchDir = "/var/lib/condor/execute/slot1/dir_1120209/scratch"
	Cpus = 1
	Disk = 102400
	GPUs = 0
	IoHeavy = 0
	Memory = 512
...
001 (5425131.009.000) 2026-06-24 14:12:48 Job executing on host: <128.105.69.111:9618?addrs=128.105.69.111-9618+[2607-f388-2200-100-1270-fdff-fe56-cecc]-9618&alias=e4060.chtc.wisc.edu&noUDP&sock=startd_14982_fbfc>
	SlotName: slot1_18@e4060.chtc.wisc.edu
	CondorScratchDir = "/var/lib/condor/execute/slot1/dir_1017274/scratch"
	Cpus = 1
	Disk = 102400
	GPUs = 0
	IoHeavy = 0
	Memory = 512
...
001 (5425131.008.000) 2026-06-24 14:12:48 Job executing on host: <128.105.69.162:9618?addrs=128.105.69.162-9618+[2607-f388-2200-100-1270-fdff-fe56-bd0c]-9618&alias=e4095.chtc.wisc.edu&noUDP&sock=startd_14711_19d2>
	SlotName: slot1_66@e4095.chtc.wisc.edu
	CondorScratchDir = "/var/lib/condor/execute/slot1/dir_2450087/scratch"
	Cpus = 1
	Disk = 102400
	GPUs = 0
	IoHeavy = 0
	Memory = 512
...
001 (5425131.006.000) 2026-06-24 14:12:48 Job executing on host: <128.105.69.144:9618?addrs=128.105.69.144-9618+[2607-f388-2200-100-1270-fdff-fe56-7714]-9618&alias=e4021.chtc.wisc.edu&noUDP&sock=startd_14804_e421>
	SlotName: slot1_37@e4021.chtc.wisc.edu
	CondorScratchDir = "/var/lib/condor/execute/slot1/dir_2017806/scratch"
	Cpus = 1
	Disk = 102400
	GPUs = 0
	IoHeavy = 0
	Memory = 512
...
006 (5425131.000.000) 2026-06-24 14:12:48 Image size of job updated: 1500
	0  -  MemoryUsage of job (MB)
	0  -  ResidentSetSize of job (KB)
...
006 (5425131.009.000) 2026-06-24 14:12:49 Image size of job updated: 1500
	0  -  MemoryUsage of job (MB)
	0  -  ResidentSetSize of job (KB)
...
006 (5425131.006.000) 2026-06-24 14:12:49 Image size of job updated: 1740
	0  -  MemoryUsage of job (MB)
	0  -  ResidentSetSize of job (KB)
...
006 (5425131.008.000) 2026-06-24 14:12:49 Image size of job updated: 1500
	0  -  MemoryUsage of job (MB)
	0  -  ResidentSetSize of job (KB)
...
001 (5425131.003.000) 2026-06-24 14:13:07 Job executing on host: <128.105.69.91:9618?addrs=128.105.69.91-9618+[2607-f388-2200-100-1270-fdff-fe56-41c4]-9618&alias=e4002.chtc.wisc.edu&noUDP&sock=startd_14991_2857>
	SlotName: slot1_48@e4002.chtc.wisc.edu
	CondorScratchDir = "/var/lib/condor/execute/slot1/dir_2978187/scratch"
	Cpus = 1
	Disk = 102400
	GPUs = 0
	IoHeavy = 0
	Memory = 512
...
006 (5425131.003.000) 2026-06-24 14:13:07 Image size of job updated: 1500
	0  -  MemoryUsage of job (MB)
	0  -  ResidentSetSize of job (KB)
...
040 (5425131.001.000) 2026-06-24 14:13:31 Started transferring output files
...
040 (5425131.002.000) 2026-06-24 14:13:39 Started transferring output files
...
040 (5425131.005.000) 2026-06-24 14:13:41 Started transferring output files
...
040 (5425131.006.000) 2026-06-24 14:13:41 Started transferring output files
...
040 (5425131.008.000) 2026-06-24 14:13:41 Started transferring output files
...
040 (5425131.003.000) 2026-06-24 14:13:54 Started transferring output files
...
040 (5425131.000.000) 2026-06-24 14:14:03 Started transferring output files
...
040 (5425131.009.000) 2026-06-24 14:14:03 Started transferring output files
...
040 (5425131.007.000) 2026-06-24 14:14:56 Started transferring output files
...
040 (5425131.004.000) 2026-06-24 14:14:56 Started transferring output files
...
040 (5425131.003.000) 2026-06-24 14:16:26 Finished transferring output files
...
040 (5425131.001.000) 2026-06-24 14:16:36 Finished transferring output files
...
040 (5425131.005.000) 2026-06-24 14:17:23 Finished transferring output files
...
040 (5425131.008.000) 2026-06-24 14:17:26 Finished transferring output files
...
040 (5425131.002.000) 2026-06-24 14:17:33 Finished transferring output files
...
040 (5425131.000.000) 2026-06-24 14:17:52 Finished transferring output files
...
040 (5425131.009.000) 2026-06-24 14:17:52 Finished transferring output files
...
005 (5425131.001.000) 2026-06-24 14:17:59 Job terminated.
	(1) Normal termination (return value 0)
		Usr 0 00:00:00, Sys 0 00:00:00  -  Run Remote Usage
		Usr 0 00:00:00, Sys 0 00:00:00  -  Run Local Usage
		Usr 0 00:00:00, Sys 0 00:00:00  -  Total Remote Usage
		Usr 0 00:00:00, Sys 0 00:00:00  -  Total Local Usage
	189  -  Run Bytes Sent By Job
	2018  -  Run Bytes Received By Job
	189  -  Total Bytes Sent By Job
	2018  -  Total Bytes Received By Job
	Partitionable Resources :    Usage  Request Allocated 
	   Cpus                 :        0        1         1 
	   Disk (KB)            :       31   102400    102400 
	   GPUs                 :                           0 
	   IoHeavy              :                           0 
	   Memory (MB)          :        0      512       512 
	   TimeExecute (s)      :       61                    
	   TimeSlotBusy (s)     :      270                    
...
040 (5425131.004.000) 2026-06-24 14:18:12 Finished transferring output files
...
040 (5425131.006.000) 2026-06-24 14:18:30 Finished transferring output files
...
005 (5425131.002.000) 2026-06-24 14:18:30 Job terminated.
	(1) Normal termination (return value 0)
		Usr 0 00:00:00, Sys 0 00:00:00  -  Run Remote Usage
		Usr 0 00:00:00, Sys 0 00:00:00  -  Run Local Usage
		Usr 0 00:00:00, Sys 0 00:00:00  -  Total Remote Usage
		Usr 0 00:00:00, Sys 0 00:00:00  -  Total Local Usage
	191  -  Run Bytes Sent By Job
	2018  -  Run Bytes Received By Job
	191  -  Total Bytes Sent By Job
	2018  -  Total Bytes Received By Job
	Partitionable Resources :    Usage  Request Allocated 
	   Cpus                 :        0        1         1 
	   Disk (KB)            :       33   102400    102400 
	   GPUs                 :                           0 
	   IoHeavy              :                           0 
	   Memory (MB)          :        0      512       512 
	   TimeExecute (s)      :       65                    
	   TimeSlotBusy (s)     :      402                    
...
040 (5425131.007.000) 2026-06-24 14:18:36 Finished transferring output files
...
005 (5425131.003.000) 2026-06-24 14:18:36 Job terminated.
	(1) Normal termination (return value 0)
		Usr 0 00:00:00, Sys 0 00:00:00  -  Run Remote Usage
		Usr 0 00:00:00, Sys 0 00:00:00  -  Run Local Usage
		Usr 0 00:00:00, Sys 0 00:00:00  -  Total Remote Usage
		Usr 0 00:00:00, Sys 0 00:00:00  -  Total Local Usage
	193  -  Run Bytes Sent By Job
	2018  -  Run Bytes Received By Job
	193  -  Total Bytes Sent By Job
	2018  -  Total Bytes Received By Job
	Partitionable Resources :    Usage  Request Allocated 
	   Cpus                 :        0        1         1 
	   Disk (KB)            :       72   102400    102400 
	   GPUs                 :                           0 
	   IoHeavy              :                           0 
	   Memory (MB)          :        0      512       512 
	   TimeExecute (s)      :       92                    
	   TimeSlotBusy (s)     :      418                    
...
005 (5425131.000.000) 2026-06-24 14:18:38 Job terminated.
	(1) Normal termination (return value 0)
		Usr 0 00:00:00, Sys 0 00:00:00  -  Run Remote Usage
		Usr 0 00:00:00, Sys 0 00:00:00  -  Run Local Usage
		Usr 0 00:00:00, Sys 0 00:00:00  -  Total Remote Usage
		Usr 0 00:00:00, Sys 0 00:00:00  -  Total Local Usage
	193  -  Run Bytes Sent By Job
	2018  -  Run Bytes Received By Job
	193  -  Total Bytes Sent By Job
	2018  -  Total Bytes Received By Job
	Partitionable Resources :    Usage  Request Allocated 
	   Cpus                 :        0        1         1 
	   Disk (KB)            :       31   102400    102400 
	   GPUs                 :                           0 
	   IoHeavy              :                           0 
	   Memory (MB)          :        0      512       512 
	   TimeExecute (s)      :       83                    
	   TimeSlotBusy (s)     :      408                    
...
005 (5425131.009.000) 2026-06-24 14:18:45 Job terminated.
	(1) Normal termination (return value 0)
		Usr 0 00:00:00, Sys 0 00:00:00  -  Run Remote Usage
		Usr 0 00:00:00, Sys 0 00:00:00  -  Run Local Usage
		Usr 0 00:00:00, Sys 0 00:00:00  -  Total Remote Usage
		Usr 0 00:00:00, Sys 0 00:00:00  -  Total Local Usage
	193  -  Run Bytes Sent By Job
	2018  -  Run Bytes Received By Job
	193  -  Total Bytes Sent By Job
	2018  -  Total Bytes Received By Job
	Partitionable Resources :    Usage  Request Allocated 
	   Cpus                 :        0        1         1 
	   Disk (KB)            :       33   102400    102400 
	   GPUs                 :                           0 
	   IoHeavy              :                           0 
	   Memory (MB)          :        0      512       512 
	   TimeExecute (s)      :       84                    
	   TimeSlotBusy (s)     :      409                    
...
005 (5425131.004.000) 2026-06-24 14:18:47 Job terminated.
	(1) Normal termination (return value 0)
		Usr 0 00:00:00, Sys 0 00:00:00  -  Run Remote Usage
		Usr 0 00:00:00, Sys 0 00:00:00  -  Run Local Usage
		Usr 0 00:00:00, Sys 0 00:00:00  -  Total Remote Usage
		Usr 0 00:00:00, Sys 0 00:00:00  -  Total Local Usage
	193  -  Run Bytes Sent By Job
	2018  -  Run Bytes Received By Job
	193  -  Total Bytes Sent By Job
	2018  -  Total Bytes Received By Job
	Partitionable Resources :    Usage  Request Allocated 
	   Cpus                 :        0        1         1 
	   Disk (KB)            :       31   102400    102400 
	   GPUs                 :                           0 
	   IoHeavy              :                           0 
	   Memory (MB)          :        0      512       512 
	   TimeExecute (s)      :       76                    
	   TimeSlotBusy (s)     :      420                    
...
005 (5425131.006.000) 2026-06-24 14:19:07 Job terminated.
	(1) Normal termination (return value 0)
		Usr 0 00:00:00, Sys 0 00:00:00  -  Run Remote Usage
		Usr 0 00:00:00, Sys 0 00:00:00  -  Run Local Usage
		Usr 0 00:00:00, Sys 0 00:00:00  -  Total Remote Usage
		Usr 0 00:00:00, Sys 0 00:00:00  -  Total Local Usage
	191  -  Run Bytes Sent By Job
	2018  -  Run Bytes Received By Job
	191  -  Total Bytes Sent By Job
	2018  -  Total Bytes Received By Job
	Partitionable Resources :    Usage  Request Allocated 
	   Cpus                 :        0        1         1 
	   Disk (KB)            :       33   102400    102400 
	   GPUs                 :                           0 
	   IoHeavy              :                           0 
	   Memory (MB)          :        0      512       512 
	   TimeExecute (s)      :       84                    
	   TimeSlotBusy (s)     :      468                    
...
005 (5425131.007.000) 2026-06-24 14:19:11 Job terminated.
	(1) Normal termination (return value 0)
		Usr 0 00:00:00, Sys 0 00:00:00  -  Run Remote Usage
		Usr 0 00:00:00, Sys 0 00:00:00  -  Run Local Usage
		Usr 0 00:00:00, Sys 0 00:00:00  -  Total Remote Usage
		Usr 0 00:00:00, Sys 0 00:00:00  -  Total Local Usage
	193  -  Run Bytes Sent By Job
	2018  -  Run Bytes Received By Job
	193  -  Total Bytes Sent By Job
	2018  -  Total Bytes Received By Job
	Partitionable Resources :    Usage  Request Allocated 
	   Cpus                 :        0        1         1 
	   Disk (KB)            :       31   102400    102400 
	   GPUs                 :                           0 
	   IoHeavy              :                           0 
	   Memory (MB)          :        0      512       512 
	   TimeExecute (s)      :       76                    
	   TimeSlotBusy (s)     :      420                    
...
005 (5425131.008.000) 2026-06-24 14:19:58 Job terminated.
	(1) Normal termination (return value 0)
		Usr 0 00:00:00, Sys 0 00:00:00  -  Run Remote Usage
		Usr 0 00:00:00, Sys 0 00:00:00  -  Run Local Usage
		Usr 0 00:00:00, Sys 0 00:00:00  -  Total Remote Usage
		Usr 0 00:00:00, Sys 0 00:00:00  -  Total Local Usage
	193  -  Run Bytes Sent By Job
	2018  -  Run Bytes Received By Job
	193  -  Total Bytes Sent By Job
	2018  -  Total Bytes Received By Job
	Partitionable Resources :    Usage  Request Allocated 
	   Cpus                 :     0.00        1         1 
	   Disk (KB)            :    33      102400    102400 
	   GPUs                 :                           0 
	   IoHeavy              :                           0 
	   Memory (MB)          :     0         512       512 
	   TimeExecute (s)      :    84                       
	   TimeSlotBusy (s)     :   392                       
...
005 (5425131.005.000) 2026-06-24 14:20:06 Job terminated.
	(1) Normal termination (return value 0)
		Usr 0 00:00:00, Sys 0 00:00:00  -  Run Remote Usage
		Usr 0 00:00:00, Sys 0 00:00:00  -  Run Local Usage
		Usr 0 00:00:00, Sys 0 00:00:00  -  Total Remote Usage
		Usr 0 00:00:00, Sys 0 00:00:00  -  Total Local Usage
	193  -  Run Bytes Sent By Job
	2018  -  Run Bytes Received By Job
	193  -  Total Bytes Sent By Job
	2018  -  Total Bytes Received By Job
	Partitionable Resources :    Usage  Request Allocated 
	   Cpus                 :                 1         1 
	   Disk (KB)            :       33   102400    102400 
	   GPUs                 :                           0 
	   IoHeavy              :                           0 
	   Memory (MB)          :        0      512       512 
	   TimeExecute (s)      :       82                    
	   TimeSlotBusy (s)     :      375                    
...
