000 (5424872.000.000) 2026-06-24 14:06:10 Job submitted from host: <128.105.68.113:9618?addrs=128.105.68.113-9618+[2607-f388-2200-100-eaeb-d3ff-fea7-d05e]-9618&alias=ap2002.chtc.wisc.edu&noUDP&sock=schedd_7841_da2f>
...
000 (5424872.001.000) 2026-06-24 14:06:10 Job submitted from host: <128.105.68.113:9618?addrs=128.105.68.113-9618+[2607-f388-2200-100-eaeb-d3ff-fea7-d05e]-9618&alias=ap2002.chtc.wisc.edu&noUDP&sock=schedd_7841_da2f>
...
000 (5424872.002.000) 2026-06-24 14:06:10 Job submitted from host: <128.105.68.113:9618?addrs=128.105.68.113-9618+[2607-f388-2200-100-eaeb-d3ff-fea7-d05e]-9618&alias=ap2002.chtc.wisc.edu&noUDP&sock=schedd_7841_da2f>
...
000 (5424872.003.000) 2026-06-24 14:06:10 Job submitted from host: <128.105.68.113:9618?addrs=128.105.68.113-9618+[2607-f388-2200-100-eaeb-d3ff-fea7-d05e]-9618&alias=ap2002.chtc.wisc.edu&noUDP&sock=schedd_7841_da2f>
...
000 (5424872.004.000) 2026-06-24 14:06:10 Job submitted from host: <128.105.68.113:9618?addrs=128.105.68.113-9618+[2607-f388-2200-100-eaeb-d3ff-fea7-d05e]-9618&alias=ap2002.chtc.wisc.edu&noUDP&sock=schedd_7841_da2f>
...
000 (5424872.005.000) 2026-06-24 14:06:10 Job submitted from host: <128.105.68.113:9618?addrs=128.105.68.113-9618+[2607-f388-2200-100-eaeb-d3ff-fea7-d05e]-9618&alias=ap2002.chtc.wisc.edu&noUDP&sock=schedd_7841_da2f>
...
000 (5424872.006.000) 2026-06-24 14:06:10 Job submitted from host: <128.105.68.113:9618?addrs=128.105.68.113-9618+[2607-f388-2200-100-eaeb-d3ff-fea7-d05e]-9618&alias=ap2002.chtc.wisc.edu&noUDP&sock=schedd_7841_da2f>
...
000 (5424872.007.000) 2026-06-24 14:06:10 Job submitted from host: <128.105.68.113:9618?addrs=128.105.68.113-9618+[2607-f388-2200-100-eaeb-d3ff-fea7-d05e]-9618&alias=ap2002.chtc.wisc.edu&noUDP&sock=schedd_7841_da2f>
...
000 (5424872.008.000) 2026-06-24 14:06:10 Job submitted from host: <128.105.68.113:9618?addrs=128.105.68.113-9618+[2607-f388-2200-100-eaeb-d3ff-fea7-d05e]-9618&alias=ap2002.chtc.wisc.edu&noUDP&sock=schedd_7841_da2f>
...
000 (5424872.009.000) 2026-06-24 14:06:10 Job submitted from host: <128.105.68.113:9618?addrs=128.105.68.113-9618+[2607-f388-2200-100-eaeb-d3ff-fea7-d05e]-9618&alias=ap2002.chtc.wisc.edu&noUDP&sock=schedd_7841_da2f>
...
040 (5424872.001.000) 2026-06-24 14:06:43 Started transferring input files
	Transferring to host: <128.105.68.156:9618?addrs=128.105.68.156-9618+[2607-f388-2200-100-b226-28ff-fe50-3c4c]-9618&alias=e2015.chtc.wisc.edu&noUDP&sock=slot1_30_3283325_3c64_108424>
...
040 (5424872.001.000) 2026-06-24 14:06:43 Finished transferring input files
...
001 (5424872.001.000) 2026-06-24 14:06:43 Job executing on host: <128.105.68.156:9618?addrs=128.105.68.156-9618+[2607-f388-2200-100-b226-28ff-fe50-3c4c]-9618&alias=e2015.chtc.wisc.edu&noUDP&sock=startd_12396_3413>
	SlotName: slot1_30@e2015.chtc.wisc.edu
	CondorScratchDir = "/var/lib/condor/execute/slot1/dir_3278347/scratch"
	Cpus = 1
	Disk = 102400
	GPUs = 0
	IoHeavy = 0
	Memory = 512
...
040 (5424872.000.000) 2026-06-24 14:06:43 Started transferring input files
	Transferring to host: <128.105.69.196:9618?addrs=128.105.69.196-9618+[2607-f388-2200-100-1270-fdff-fe56-bf74]-9618&alias=e4049.chtc.wisc.edu&noUDP&sock=slot1_76_1308022_93ff_207687>
...
040 (5424872.000.000) 2026-06-24 14:06:43 Finished transferring input files
...
001 (5424872.000.000) 2026-06-24 14:06:43 Job executing on host: <128.105.69.196:9618?addrs=128.105.69.196-9618+[2607-f388-2200-100-1270-fdff-fe56-bf74]-9618&alias=e4049.chtc.wisc.edu&noUDP&sock=startd_12047_d185>
	SlotName: slot1_76@e4049.chtc.wisc.edu
	CondorScratchDir = "/var/lib/condor/execute/slot1/dir_2028572/scratch"
	Cpus = 1
	Disk = 102400
	GPUs = 0
	IoHeavy = 0
	Memory = 512
...
006 (5424872.001.000) 2026-06-24 14:06:43 Image size of job updated: 1500
	0  -  MemoryUsage of job (MB)
	0  -  ResidentSetSize of job (KB)
...
040 (5424872.001.000) 2026-06-24 14:06:43 Started transferring output files
...
040 (5424872.008.000) 2026-06-24 14:06:43 Started transferring input files
	Transferring to host: <128.105.68.50:9618?addrs=128.105.68.50-9618+[2607-f388-2200-100-3680-dff-fe2e-8798]-9618&alias=e2480.chtc.wisc.edu&noUDP&sock=slot1_16_1811395_64d5_137889>
...
040 (5424872.008.000) 2026-06-24 14:06:43 Finished transferring input files
...
006 (5424872.000.000) 2026-06-24 14:06:43 Image size of job updated: 1500
	0  -  MemoryUsage of job (MB)
	0  -  ResidentSetSize of job (KB)
...
001 (5424872.008.000) 2026-06-24 14:06:43 Job executing on host: <128.105.68.50:9618?addrs=128.105.68.50-9618+[2607-f388-2200-100-3680-dff-fe2e-8798]-9618&alias=e2480.chtc.wisc.edu&noUDP&sock=startd_11885_b32e>
	SlotName: slot1_16@e2480.chtc.wisc.edu
	CondorScratchDir = "/var/lib/condor/execute/slot1/dir_2575369/scratch"
	Cpus = 1
	Disk = 102400
	GPUs = 0
	IoHeavy = 0
	Memory = 512
...
040 (5424872.001.000) 2026-06-24 14:06:43 Finished transferring output files
...
040 (5424872.000.000) 2026-06-24 14:06:43 Started transferring output files
...
006 (5424872.008.000) 2026-06-24 14:06:43 Image size of job updated: 1500
	0  -  MemoryUsage of job (MB)
	0  -  ResidentSetSize of job (KB)
...
040 (5424872.006.000) 2026-06-24 14:06:43 Started transferring input files
	Transferring to host: <128.105.69.237:9618?addrs=128.105.69.237-9618+[2607-f388-2200-100-eaeb-d3ff-fe40-230c]-9618&alias=e2620.chtc.wisc.edu&noUDP&sock=slot1_38_1886177_13f6_168198>
...
040 (5424872.006.000) 2026-06-24 14:06:43 Finished transferring input files
...
040 (5424872.008.000) 2026-06-24 14:06:43 Started transferring output files
...
040 (5424872.000.000) 2026-06-24 14:06:43 Finished transferring output files
...
001 (5424872.006.000) 2026-06-24 14:06:43 Job executing on host: <128.105.69.237:9618?addrs=128.105.69.237-9618+[2607-f388-2200-100-eaeb-d3ff-fe40-230c]-9618&alias=e2620.chtc.wisc.edu&noUDP&sock=startd_14907_8a62>
	SlotName: slot1_38@e2620.chtc.wisc.edu
	CondorScratchDir = "/var/lib/condor/execute/slot1/dir_3956595/scratch"
	Cpus = 1
	Disk = 102400
	GPUs = 0
	IoHeavy = 0
	Memory = 512
...
040 (5424872.002.000) 2026-06-24 14:06:43 Started transferring input files
	Transferring to host: <128.105.68.52:9618?addrs=128.105.68.52-9618+[2607-f388-2200-100-3680-dff-fe2e-8720]-9618&alias=e2482.chtc.wisc.edu&noUDP&sock=slot1_57_1923355_579e_151923>
...
040 (5424872.005.000) 2026-06-24 14:06:43 Started transferring input files
	Transferring to host: <128.105.68.40:9618?addrs=128.105.68.40-9618+[2607-f388-2200-100-3680-dff-fe2e-8810]-9618&alias=e2470.chtc.wisc.edu&noUDP&sock=slot1_53_4110444_6567_157069>
...
040 (5424872.002.000) 2026-06-24 14:06:43 Finished transferring input files
...
005 (5424872.001.000) 2026-06-24 14:06:43 Job terminated.
	(1) Normal termination (return value 0)
		Usr 0 00:00:00, Sys 0 00:00:00  -  Run Remote Usage
		Usr 0 00:00:00, Sys 0 00:00:00  -  Run Local Usage
		Usr 0 00:00:00, Sys 0 00:00:00  -  Total Remote Usage
		Usr 0 00:00:00, Sys 0 00:00:00  -  Total Local Usage
	193  -  Run Bytes Sent By Job
	2018  -  Run Bytes Received By Job
	193  -  Total Bytes Sent By Job
	2018  -  Total Bytes Received By Job
	Partitionable Resources :    Usage  Request Allocated 
	   Cpus                 :                 1         1 
	   Disk (KB)            :       33   102400    102400 
	   GPUs                 :                           0 
	   IoHeavy              :                           0 
	   Memory (MB)          :        0      512       512 
	   TimeExecute (s)      :        0                    
	   TimeSlotBusy (s)     :        0                    
...
040 (5424872.005.000) 2026-06-24 14:06:43 Finished transferring input files
...
006 (5424872.006.000) 2026-06-24 14:06:43 Image size of job updated: 1500
	0  -  MemoryUsage of job (MB)
	0  -  ResidentSetSize of job (KB)
...
040 (5424872.008.000) 2026-06-24 14:06:43 Finished transferring output files
...
040 (5424872.007.000) 2026-06-24 14:06:43 Started transferring input files
	Transferring to host: <128.105.68.36:9618?addrs=128.105.68.36-9618+[2607-f388-2200-100-3680-dff-fe2e-7f70]-9618&alias=e2466.chtc.wisc.edu&noUDP&sock=slot1_69_2069226_a869_150222>
...
001 (5424872.005.000) 2026-06-24 14:06:44 Job executing on host: <128.105.68.40:9618?addrs=128.105.68.40-9618+[2607-f388-2200-100-3680-dff-fe2e-8810]-9618&alias=e2470.chtc.wisc.edu&noUDP&sock=startd_12142_fb05>
	SlotName: slot1_53@e2470.chtc.wisc.edu
	CondorScratchDir = "/var/lib/condor/execute/slot1/dir_1009376/scratch"
	Cpus = 1
	Disk = 102400
	GPUs = 0
	IoHeavy = 0
	Memory = 512
...
040 (5424872.006.000) 2026-06-24 14:06:44 Started transferring output files
...
040 (5424872.007.000) 2026-06-24 14:06:44 Finished transferring input files
...
001 (5424872.002.000) 2026-06-24 14:06:44 Job executing on host: <128.105.68.52:9618?addrs=128.105.68.52-9618+[2607-f388-2200-100-3680-dff-fe2e-8720]-9618&alias=e2482.chtc.wisc.edu&noUDP&sock=startd_12198_6452>
	SlotName: slot1_57@e2482.chtc.wisc.edu
	CondorScratchDir = "/var/lib/condor/execute/slot1/dir_3722540/scratch"
	Cpus = 1
	Disk = 102400
	GPUs = 0
	IoHeavy = 0
	Memory = 512
...
040 (5424872.003.000) 2026-06-24 14:06:44 Started transferring input files
	Transferring to host: <128.105.69.142:9618?addrs=128.105.69.142-9618+[2607-f388-2200-100-1270-fdff-fe56-747c]-9618&alias=e4019.chtc.wisc.edu&noUDP&sock=slot1_95_118948_605e_190563>
...
006 (5424872.005.000) 2026-06-24 14:06:44 Image size of job updated: 1500
	0  -  MemoryUsage of job (MB)
	0  -  ResidentSetSize of job (KB)
...
006 (5424872.002.000) 2026-06-24 14:06:44 Image size of job updated: 1500
	0  -  MemoryUsage of job (MB)
	0  -  ResidentSetSize of job (KB)
...
040 (5424872.004.000) 2026-06-24 14:06:44 Started transferring input files
	Transferring to host: <128.105.68.43:9618?addrs=128.105.68.43-9618+[2607-f388-2200-100-3680-dff-fe2e-87c8]-9618&alias=e2473.chtc.wisc.edu&noUDP&sock=slot1_92_3520522_faf2_161549>
...
040 (5424872.003.000) 2026-06-24 14:06:44 Finished transferring input files
...
005 (5424872.008.000) 2026-06-24 14:06:44 Job terminated.
	(1) Normal termination (return value 0)
		Usr 0 00:00:00, Sys 0 00:00:00  -  Run Remote Usage
		Usr 0 00:00:00, Sys 0 00:00:00  -  Run Local Usage
		Usr 0 00:00:00, Sys 0 00:00:00  -  Total Remote Usage
		Usr 0 00:00:00, Sys 0 00:00:00  -  Total Local Usage
	193  -  Run Bytes Sent By Job
	2018  -  Run Bytes Received By Job
	193  -  Total Bytes Sent By Job
	2018  -  Total Bytes Received By Job
	Partitionable Resources :    Usage  Request Allocated 
	   Cpus                 :                 1         1 
	   Disk (KB)            :       21   102400    102400 
	   GPUs                 :                           0 
	   IoHeavy              :                           0 
	   Memory (MB)          :        0      512       512 
	   TimeExecute (s)      :        0                    
	   TimeSlotBusy (s)     :        0                    
...
040 (5424872.005.000) 2026-06-24 14:06:44 Started transferring output files
...
005 (5424872.000.000) 2026-06-24 14:06:44 Job terminated.
	(1) Normal termination (return value 0)
		Usr 0 00:00:00, Sys 0 00:00:00  -  Run Remote Usage
		Usr 0 00:00:00, Sys 0 00:00:00  -  Run Local Usage
		Usr 0 00:00:00, Sys 0 00:00:00  -  Total Remote Usage
		Usr 0 00:00:00, Sys 0 00:00:00  -  Total Local Usage
	191  -  Run Bytes Sent By Job
	2018  -  Run Bytes Received By Job
	191  -  Total Bytes Sent By Job
	2018  -  Total Bytes Received By Job
	Partitionable Resources :    Usage  Request Allocated 
	   Cpus                 :                 1         1 
	   Disk (KB)            :       33   102400    102400 
	   GPUs                 :                           0 
	   IoHeavy              :                           0 
	   Memory (MB)          :        0      512       512 
	   TimeExecute (s)      :        0                    
	   TimeSlotBusy (s)     :        0                    
...
040 (5424872.004.000) 2026-06-24 14:06:44 Finished transferring input files
...
040 (5424872.002.000) 2026-06-24 14:06:44 Started transferring output files
...
001 (5424872.007.000) 2026-06-24 14:06:44 Job executing on host: <128.105.68.36:9618?addrs=128.105.68.36-9618+[2607-f388-2200-100-3680-dff-fe2e-7f70]-9618&alias=e2466.chtc.wisc.edu&noUDP&sock=startd_12169_8013>
	SlotName: slot1_69@e2466.chtc.wisc.edu
	CondorScratchDir = "/var/lib/condor/execute/slot1/dir_2935560/scratch"
	Cpus = 1
	Disk = 102400
	GPUs = 0
	IoHeavy = 0
	Memory = 512
...
006 (5424872.007.000) 2026-06-24 14:06:44 Image size of job updated: 1500
	0  -  MemoryUsage of job (MB)
	0  -  ResidentSetSize of job (KB)
...
040 (5424872.006.000) 2026-06-24 14:06:45 Finished transferring output files
...
001 (5424872.003.000) 2026-06-24 14:06:45 Job executing on host: <128.105.69.142:9618?addrs=128.105.69.142-9618+[2607-f388-2200-100-1270-fdff-fe56-747c]-9618&alias=e4019.chtc.wisc.edu&noUDP&sock=startd_14713_7902>
	SlotName: slot1_95@e4019.chtc.wisc.edu
	CondorScratchDir = "/var/lib/condor/execute/slot1/dir_2028115/scratch"
	Cpus = 1
	Disk = 102400
	GPUs = 0
	IoHeavy = 0
	Memory = 512
...
040 (5424872.007.000) 2026-06-24 14:06:45 Started transferring output files
...
006 (5424872.003.000) 2026-06-24 14:06:45 Image size of job updated: 1500
	0  -  MemoryUsage of job (MB)
	0  -  ResidentSetSize of job (KB)
...
040 (5424872.009.000) 2026-06-24 14:06:45 Started transferring input files
	Transferring to host: <128.105.69.101:9618?addrs=128.105.69.101-9618+[2607-f388-2200-100-1270-fdff-fe56-bae4]-9618&alias=e4012.chtc.wisc.edu&noUDP&sock=slot1_181_2040279_e0b0_195056>
...
001 (5424872.004.000) 2026-06-24 14:06:45 Job executing on host: <128.105.68.43:9618?addrs=128.105.68.43-9618+[2607-f388-2200-100-3680-dff-fe2e-87c8]-9618&alias=e2473.chtc.wisc.edu&noUDP&sock=startd_12178_ac6e>
	SlotName: slot1_92@e2473.chtc.wisc.edu
	CondorScratchDir = "/var/lib/condor/execute/slot1/dir_278456/scratch"
	Cpus = 1
	Disk = 102400
	GPUs = 0
	IoHeavy = 0
	Memory = 512
...
040 (5424872.003.000) 2026-06-24 14:06:45 Started transferring output files
...
006 (5424872.004.000) 2026-06-24 14:06:45 Image size of job updated: 1500
	0  -  MemoryUsage of job (MB)
	0  -  ResidentSetSize of job (KB)
...
040 (5424872.009.000) 2026-06-24 14:06:45 Finished transferring input files
...
040 (5424872.005.000) 2026-06-24 14:06:47 Finished transferring output files
...
005 (5424872.006.000) 2026-06-24 14:06:47 Job terminated.
	(1) Normal termination (return value 0)
		Usr 0 00:00:00, Sys 0 00:00:00  -  Run Remote Usage
		Usr 0 00:00:00, Sys 0 00:00:00  -  Run Local Usage
		Usr 0 00:00:00, Sys 0 00:00:00  -  Total Remote Usage
		Usr 0 00:00:00, Sys 0 00:00:00  -  Total Local Usage
	193  -  Run Bytes Sent By Job
	2018  -  Run Bytes Received By Job
	193  -  Total Bytes Sent By Job
	2018  -  Total Bytes Received By Job
	Partitionable Resources :    Usage  Request Allocated 
	   Cpus                 :        0        1         1 
	   Disk (KB)            :       31   102400    102400 
	   GPUs                 :                           0 
	   IoHeavy              :                           0 
	   Memory (MB)          :        0      512       512 
	   TimeExecute (s)      :        0                    
	   TimeSlotBusy (s)     :        1                    
...
040 (5424872.004.000) 2026-06-24 14:06:47 Started transferring output files
...
040 (5424872.002.000) 2026-06-24 14:06:47 Finished transferring output files
...
001 (5424872.009.000) 2026-06-24 14:06:47 Job executing on host: <128.105.69.101:9618?addrs=128.105.69.101-9618+[2607-f388-2200-100-1270-fdff-fe56-bae4]-9618&alias=e4012.chtc.wisc.edu&noUDP&sock=startd_14789_9a35>
	SlotName: slot1_181@e4012.chtc.wisc.edu
	CondorScratchDir = "/var/lib/condor/execute/slot1/dir_395581/scratch"
	Cpus = 1
	Disk = 102400
	GPUs = 0
	IoHeavy = 0
	Memory = 512
...
006 (5424872.009.000) 2026-06-24 14:06:47 Image size of job updated: 1500
	0  -  MemoryUsage of job (MB)
	0  -  ResidentSetSize of job (KB)
...
040 (5424872.007.000) 2026-06-24 14:06:47 Finished transferring output files
...
005 (5424872.005.000) 2026-06-24 14:06:47 Job terminated.
	(1) Normal termination (return value 0)
		Usr 0 00:00:00, Sys 0 00:00:00  -  Run Remote Usage
		Usr 0 00:00:00, Sys 0 00:00:00  -  Run Local Usage
		Usr 0 00:00:00, Sys 0 00:00:00  -  Total Remote Usage
		Usr 0 00:00:00, Sys 0 00:00:00  -  Total Local Usage
	193  -  Run Bytes Sent By Job
	2018  -  Run Bytes Received By Job
	193  -  Total Bytes Sent By Job
	2018  -  Total Bytes Received By Job
	Partitionable Resources :    Usage  Request Allocated 
	   Cpus                 :        0        1         1 
	   Disk (KB)            :       31   102400    102400 
	   GPUs                 :                           0 
	   IoHeavy              :                           0 
	   Memory (MB)          :        0      512       512 
	   TimeExecute (s)      :        1                    
	   TimeSlotBusy (s)     :        2                    
...
040 (5424872.009.000) 2026-06-24 14:06:47 Started transferring output files
...
040 (5424872.003.000) 2026-06-24 14:06:47 Finished transferring output files
...
005 (5424872.002.000) 2026-06-24 14:06:47 Job terminated.
	(1) Normal termination (return value 0)
		Usr 0 00:00:00, Sys 0 00:00:00  -  Run Remote Usage
		Usr 0 00:00:00, Sys 0 00:00:00  -  Run Local Usage
		Usr 0 00:00:00, Sys 0 00:00:00  -  Total Remote Usage
		Usr 0 00:00:00, Sys 0 00:00:00  -  Total Local Usage
	193  -  Run Bytes Sent By Job
	2018  -  Run Bytes Received By Job
	193  -  Total Bytes Sent By Job
	2018  -  Total Bytes Received By Job
	Partitionable Resources :    Usage  Request Allocated 
	   Cpus                 :        0        1         1 
	   Disk (KB)            :       31   102400    102400 
	   GPUs                 :                           0 
	   IoHeavy              :                           0 
	   Memory (MB)          :        0      512       512 
	   TimeExecute (s)      :        1                    
	   TimeSlotBusy (s)     :        2                    
...
040 (5424872.004.000) 2026-06-24 14:06:47 Finished transferring output files
...
005 (5424872.007.000) 2026-06-24 14:06:48 Job terminated.
	(1) Normal termination (return value 0)
		Usr 0 00:00:00, Sys 0 00:00:00  -  Run Remote Usage
		Usr 0 00:00:00, Sys 0 00:00:00  -  Run Local Usage
		Usr 0 00:00:00, Sys 0 00:00:00  -  Total Remote Usage
		Usr 0 00:00:00, Sys 0 00:00:00  -  Total Local Usage
	191  -  Run Bytes Sent By Job
	2018  -  Run Bytes Received By Job
	191  -  Total Bytes Sent By Job
	2018  -  Total Bytes Received By Job
	Partitionable Resources :    Usage  Request Allocated 
	   Cpus                 :        0        1         1 
	   Disk (KB)            :       31   102400    102400 
	   GPUs                 :                           0 
	   IoHeavy              :                           0 
	   Memory (MB)          :        0      512       512 
	   TimeExecute (s)      :        0                    
	   TimeSlotBusy (s)     :        4                    
...
040 (5424872.009.000) 2026-06-24 14:06:48 Finished transferring output files
...
005 (5424872.003.000) 2026-06-24 14:06:48 Job terminated.
	(1) Normal termination (return value 0)
		Usr 0 00:00:00, Sys 0 00:00:00  -  Run Remote Usage
		Usr 0 00:00:00, Sys 0 00:00:00  -  Run Local Usage
		Usr 0 00:00:00, Sys 0 00:00:00  -  Total Remote Usage
		Usr 0 00:00:00, Sys 0 00:00:00  -  Total Local Usage
	192  -  Run Bytes Sent By Job
	2018  -  Run Bytes Received By Job
	192  -  Total Bytes Sent By Job
	2018  -  Total Bytes Received By Job
	Partitionable Resources :    Usage  Request Allocated 
	   Cpus                 :        0        1         1 
	   Disk (KB)            :       33   102400    102400 
	   GPUs                 :                           0 
	   IoHeavy              :                           0 
	   Memory (MB)          :        0      512       512 
	   TimeExecute (s)      :        1                    
	   TimeSlotBusy (s)     :        4                    
...
005 (5424872.004.000) 2026-06-24 14:06:48 Job terminated.
	(1) Normal termination (return value 0)
		Usr 0 00:00:00, Sys 0 00:00:00  -  Run Remote Usage
		Usr 0 00:00:00, Sys 0 00:00:00  -  Run Local Usage
		Usr 0 00:00:00, Sys 0 00:00:00  -  Total Remote Usage
		Usr 0 00:00:00, Sys 0 00:00:00  -  Total Local Usage
	192  -  Run Bytes Sent By Job
	2018  -  Run Bytes Received By Job
	192  -  Total Bytes Sent By Job
	2018  -  Total Bytes Received By Job
	Partitionable Resources :    Usage  Request Allocated 
	   Cpus                 :        0        1         1 
	   Disk (KB)            :       31   102400    102400 
	   GPUs                 :                           0 
	   IoHeavy              :                           0 
	   Memory (MB)          :        0      512       512 
	   TimeExecute (s)      :        0                    
	   TimeSlotBusy (s)     :        4                    
...
005 (5424872.009.000) 2026-06-24 14:06:49 Job terminated.
	(1) Normal termination (return value 0)
		Usr 0 00:00:00, Sys 0 00:00:00  -  Run Remote Usage
		Usr 0 00:00:00, Sys 0 00:00:00  -  Run Local Usage
		Usr 0 00:00:00, Sys 0 00:00:00  -  Total Remote Usage
		Usr 0 00:00:00, Sys 0 00:00:00  -  Total Local Usage
	193  -  Run Bytes Sent By Job
	2018  -  Run Bytes Received By Job
	193  -  Total Bytes Sent By Job
	2018  -  Total Bytes Received By Job
	Partitionable Resources :    Usage  Request Allocated 
	   Cpus                 :        0        1         1 
	   Disk (KB)            :       33   102400    102400 
	   GPUs                 :                           0 
	   IoHeavy              :                           0 
	   Memory (MB)          :        0      512       512 
	   TimeExecute (s)      :        0                    
	   TimeSlotBusy (s)     :        4                    
...
